Using pre-set license
Built from '2021.1/release' branch; Version is '2021.1.4f1 (4cd64a618c1b) revision 5035594'; Using compiler version '192528614'; Build Type 'Release'
OS: 'Windows 10 Home; OS build 19041.928; Version 2004; 64bit' Language: 'fr' Physical Memory: 32696 MB
BatchMode: 1, IsHumanControllingUs: 0, StartBugReporterOnCrash: 0, Is64bit: 1, IsPro: 0

 COMMAND LINE ARGUMENTS:
C:\Program Files\Unity\2021.1.4f1\Editor\Unity.exe
-adb2
-batchMode
-noUpm
-name
AssetImportWorker1
-projectPath
C:/Users/paulm/Documents/GitHub/LudumDare48/LudumDare48/LudumDare48
-logFile
Logs/AssetImportWorker1.log
-srvPort
53087
Successfully changed project path to: C:/Users/paulm/Documents/GitHub/LudumDare48/LudumDare48/LudumDare48
C:/Users/paulm/Documents/GitHub/LudumDare48/LudumDare48/LudumDare48
Using Asset Import Pipeline V2.
Refreshing native plugins compatible for Editor in 51.06 ms, found 2 plugins.
Preloading 0 native plugins for Editor in 0.00 ms.
Initialize engine version: 2021.1.4f1 (4cd64a618c1b)
[Subsystems] Discovering subsystems at path C:/Program Files/Unity/2021.1.4f1/Editor/Data/Resources/UnitySubsystems
[Subsystems] Discovering subsystems at path C:/Users/paulm/Documents/GitHub/LudumDare48/LudumDare48/LudumDare48/Assets
GfxDevice: creating device client; threaded=0; jobified=0
Direct3D:
    Version:  Direct3D 11.0 [level 11.1]
    Renderer: NVIDIA GeForce RTX 2070 (ID=0x1f02)
    Vendor:   NVIDIA
    VRAM:     8031 MB
    Driver:   27.21.14.6589
Initialize mono
Mono path[0] = 'C:/Program Files/Unity/2021.1.4f1/Editor/Data/Managed'
Mono path[1] = 'C:/Program Files/Unity/2021.1.4f1/Editor/Data/MonoBleedingEdge/lib/mono/unityjit'
Mono config path = 'C:/Program Files/Unity/2021.1.4f1/Editor/Data/MonoBleedingEdge/etc'
Using monoOptions --debugger-agent=transport=dt_socket,embedding=1,server=y,suspend=n,address=127.0.0.1:56952
Begin MonoManager ReloadAssembly
Registering precompiled unity dll's ...
Register platform support module: C:/Program Files/Unity/2021.1.4f1/Editor/Data/PlaybackEngines/WebGLSupport/UnityEditor.WebGL.Extensions.dll
Register platform support module: C:/Program Files/Unity/2021.1.4f1/Editor/Data/PlaybackEngines/WindowsStandaloneSupport/UnityEditor.WindowsStandalone.Extensions.dll
Registered in 0.002685 seconds.
Native extension for WindowsStandalone target not found
Native extension for WebGL target not found
Refreshing native plugins compatible for Editor in 39.42 ms, found 2 plugins.
Preloading 0 native plugins for Editor in 0.00 ms.
Mono: successfully reloaded assembly
- Completed reload, in  1.194 seconds
Platform modules already initialized, skipping
Registering precompiled user dll's ...
Registered in 0.003916 seconds.
Begin MonoManager ReloadAssembly
Native extension for WindowsStandalone target not found
Native extension for WebGL target not found
Refreshing native plugins compatible for Editor in 37.95 ms, found 2 plugins.
Preloading 0 native plugins for Editor in 0.00 ms.
Refreshing native plugins compatible for Editor in 0.59 ms, found 2 plugins.
Mono: successfully reloaded assembly
- Completed reload, in  1.080 seconds
Platform modules already initialized, skipping
========================================================================
Worker process is ready to serve import requests
Launched and connected shader compiler UnityShaderCompiler.exe after 0.08 seconds
Refreshing native plugins compatible for Editor in 0.79 ms, found 2 plugins.
Preloading 0 native plugins for Editor in 0.00 ms.
Unloading 2174 Unused Serialized files (Serialized files now loaded: 0)
System memory in use before: 99.7 MB.
System memory in use after: 99.8 MB.

Unloading 69 unused Assets to reduce memory usage. Loaded Objects now: 2588.
Total: 3.131700 ms (FindLiveObjects: 0.219500 ms CreateObjectMapping: 0.055300 ms MarkObjects: 2.781600 ms  DeleteObjects: 0.074000 ms)

========================================================================
Received Import Request.
  path: Assets/Prefabs/LevelElements/JumpMovingPlatform.prefab
  artifactKey: Guid(86f51e4c6610bcd4dbe803aa4ba07f0a) Importer(815301076,1909f56bfc062723c751e8b465ee728b)
Start importing Assets/Prefabs/LevelElements/JumpMovingPlatform.prefab using Guid(86f51e4c6610bcd4dbe803aa4ba07f0a) Importer(815301076,1909f56bfc062723c751e8b465ee728b)  -> (artifact id: 'feda6360c1ccf684bafc8e4dde01115a') in 0.077815 seconds 
========================================================================
Received Import Request.
  Time since last request: 0.000221 seconds.
  path: Assets/Prefabs/player.prefab
  artifactKey: Guid(88cc6b41ebcdbc9428078ade3f12111a) Importer(815301076,1909f56bfc062723c751e8b465ee728b)
Start importing Assets/Prefabs/player.prefab using Guid(88cc6b41ebcdbc9428078ade3f12111a) Importer(815301076,1909f56bfc062723c751e8b465ee728b)  -> (artifact id: 'e2913f9c0b19a2decdd280f932011fdb') in 0.008526 seconds 
========================================================================
Received Import Request.
  Time since last request: 2.720919 seconds.
  path: Assets/Prefabs/LevelElements/SortieSceneTrigger.prefab
  artifactKey: Guid(d42027784ae4fa841a3bd04b1b00be87) Importer(815301076,1909f56bfc062723c751e8b465ee728b)
Start importing Assets/Prefabs/LevelElements/SortieSceneTrigger.prefab using Guid(d42027784ae4fa841a3bd04b1b00be87) Importer(815301076,1909f56bfc062723c751e8b465ee728b)  -> (artifact id: 'e7f9e7d7dbbb2a06eaf5f8e0dd969b43') in 0.023165 seconds 
========================================================================
Received Import Request.
  Time since last request: 245.392809 seconds.
  path: Assets/Prefabs/LevelElements/Lava.prefab
  artifactKey: Guid(54bde19a8756b8f49b93bf22823b9428) Importer(815301076,1909f56bfc062723c751e8b465ee728b)
Start importing Assets/Prefabs/LevelElements/Lava.prefab using Guid(54bde19a8756b8f49b93bf22823b9428) Importer(815301076,1909f56bfc062723c751e8b465ee728b)  -> (artifact id: 'c5a2b6cdbbb2556c9a37c3e003ec381e') in 0.007591 seconds 
========================================================================
Received Prepare
Registering precompiled user dll's ...
Registered in 0.005108 seconds.
Begin MonoManager ReloadAssembly
Native extension for WindowsStandalone target not found
Native extension for WebGL target not found
Refreshing native plugins compatible for Editor in 0.88 ms, found 2 plugins.
Preloading 0 native plugins for Editor in 0.00 ms.
Mono: successfully reloaded assembly
- Completed reload, in  1.005 seconds
Platform modules already initialized, skipping
Refreshing native plugins compatible for Editor in 0.83 ms, found 2 plugins.
Preloading 0 native plugins for Editor in 0.00 ms.
Unloading 2151 Unused Serialized files (Serialized files now loaded: 0)
System memory in use before: 101.6 MB.
System memory in use after: 101.7 MB.

Unloading 58 unused Assets to reduce memory usage. Loaded Objects now: 2598.
Total: 3.618800 ms (FindLiveObjects: 0.267300 ms CreateObjectMapping: 0.055400 ms MarkObjects: 3.253200 ms  DeleteObjects: 0.041500 ms)

========================================================================
Received Prepare
Registering precompiled user dll's ...
Registered in 0.003948 seconds.
Begin MonoManager ReloadAssembly
Native extension for WindowsStandalone target not found
Native extension for WebGL target not found
Refreshing native plugins compatible for Editor in 0.84 ms, found 2 plugins.
Preloading 0 native plugins for Editor in 0.00 ms.
Mono: successfully reloaded assembly
- Completed reload, in  0.967 seconds
Platform modules already initialized, skipping
Refreshing native plugins compatible for Editor in 0.83 ms, found 2 plugins.
Preloading 0 native plugins for Editor in 0.00 ms.
Unloading 2151 Unused Serialized files (Serialized files now loaded: 0)
System memory in use before: 101.7 MB.
System memory in use after: 101.8 MB.

Unloading 58 unused Assets to reduce memory usage. Loaded Objects now: 2601.
Total: 3.199800 ms (FindLiveObjects: 0.263700 ms CreateObjectMapping: 0.050600 ms MarkObjects: 2.844800 ms  DeleteObjects: 0.038800 ms)

========================================================================
Received Prepare
Registering precompiled user dll's ...
Registered in 0.005923 seconds.
Begin MonoManager ReloadAssembly
Native extension for WindowsStandalone target not found
Native extension for WebGL target not found
Refreshing native plugins compatible for Editor in 0.83 ms, found 2 plugins.
Preloading 0 native plugins for Editor in 0.00 ms.
Mono: successfully reloaded assembly
- Completed reload, in  0.971 seconds
Platform modules already initialized, skipping
Refreshing native plugins compatible for Editor in 0.82 ms, found 2 plugins.
Preloading 0 native plugins for Editor in 0.00 ms.
Unloading 2151 Unused Serialized files (Serialized files now loaded: 0)
System memory in use before: 101.7 MB.
System memory in use after: 101.8 MB.

Unloading 58 unused Assets to reduce memory usage. Loaded Objects now: 2604.
Total: 3.687200 ms (FindLiveObjects: 0.216100 ms CreateObjectMapping: 0.051000 ms MarkObjects: 3.379800 ms  DeleteObjects: 0.038700 ms)

========================================================================
Received Prepare
Registering precompiled user dll's ...
Registered in 0.004035 seconds.
Begin MonoManager ReloadAssembly
Native extension for WindowsStandalone target not found
Native extension for WebGL target not found
Refreshing native plugins compatible for Editor in 0.84 ms, found 2 plugins.
Preloading 0 native plugins for Editor in 0.00 ms.
Mono: successfully reloaded assembly
- Completed reload, in  0.952 seconds
Platform modules already initialized, skipping
Refreshing native plugins compatible for Editor in 0.85 ms, found 2 plugins.
Preloading 0 native plugins for Editor in 0.00 ms.
Unloading 2151 Unused Serialized files (Serialized files now loaded: 0)
System memory in use before: 101.7 MB.
System memory in use after: 101.8 MB.

Unloading 58 unused Assets to reduce memory usage. Loaded Objects now: 2607.
Total: 3.132100 ms (FindLiveObjects: 0.211100 ms CreateObjectMapping: 0.052200 ms MarkObjects: 2.831100 ms  DeleteObjects: 0.036500 ms)

========================================================================
Received Prepare
Registering precompiled user dll's ...
Registered in 0.004042 seconds.
Begin MonoManager ReloadAssembly
Native extension for WindowsStandalone target not found
Native extension for WebGL target not found
Refreshing native plugins compatible for Editor in 0.83 ms, found 2 plugins.
Preloading 0 native plugins for Editor in 0.00 ms.
Mono: successfully reloaded assembly
- Completed reload, in  0.972 seconds
Platform modules already initialized, skipping
Refreshing native plugins compatible for Editor in 0.81 ms, found 2 plugins.
Preloading 0 native plugins for Editor in 0.00 ms.
Unloading 2151 Unused Serialized files (Serialized files now loaded: 0)
System memory in use before: 101.7 MB.
System memory in use after: 101.8 MB.

Unloading 58 unused Assets to reduce memory usage. Loaded Objects now: 2610.
Total: 3.250100 ms (FindLiveObjects: 0.212900 ms CreateObjectMapping: 0.051600 ms MarkObjects: 2.945800 ms  DeleteObjects: 0.038700 ms)

========================================================================
Received Prepare
Registering precompiled user dll's ...
Registered in 0.003971 seconds.
Begin MonoManager ReloadAssembly
Native extension for WindowsStandalone target not found
Native extension for WebGL target not found
Refreshing native plugins compatible for Editor in 0.83 ms, found 2 plugins.
Preloading 0 native plugins for Editor in 0.00 ms.
Mono: successfully reloaded assembly
- Completed reload, in  0.958 seconds
Platform modules already initialized, skipping
Refreshing native plugins compatible for Editor in 0.84 ms, found 2 plugins.
Preloading 0 native plugins for Editor in 0.00 ms.
Unloading 2151 Unused Serialized files (Serialized files now loaded: 0)
System memory in use before: 101.7 MB.
System memory in use after: 101.9 MB.

Unloading 58 unused Assets to reduce memory usage. Loaded Objects now: 2613.
Total: 3.199000 ms (FindLiveObjects: 0.243900 ms CreateObjectMapping: 0.053400 ms MarkObjects: 2.863300 ms  DeleteObjects: 0.037000 ms)

========================================================================
Received Prepare
Registering precompiled user dll's ...
Registered in 0.003992 seconds.
Begin MonoManager ReloadAssembly
Native extension for WindowsStandalone target not found
Native extension for WebGL target not found
Refreshing native plugins compatible for Editor in 0.83 ms, found 2 plugins.
Preloading 0 native plugins for Editor in 0.00 ms.
Mono: successfully reloaded assembly
- Completed reload, in  0.969 seconds
Platform modules already initialized, skipping
Refreshing native plugins compatible for Editor in 0.90 ms, found 2 plugins.
Preloading 0 native plugins for Editor in 0.00 ms.
Unloading 2151 Unused Serialized files (Serialized files now loaded: 0)
System memory in use before: 101.8 MB.
System memory in use after: 101.9 MB.

Unloading 58 unused Assets to reduce memory usage. Loaded Objects now: 2616.
Total: 3.393100 ms (FindLiveObjects: 0.307000 ms CreateObjectMapping: 0.054700 ms MarkObjects: 2.991200 ms  DeleteObjects: 0.039200 ms)

========================================================================
Received Prepare
Registering precompiled user dll's ...
Registered in 0.003959 seconds.
Begin MonoManager ReloadAssembly
Native extension for WindowsStandalone target not found
Native extension for WebGL target not found
Refreshing native plugins compatible for Editor in 1.21 ms, found 2 plugins.
Preloading 0 native plugins for Editor in 0.00 ms.
Mono: successfully reloaded assembly
- Completed reload, in  0.956 seconds
Platform modules already initialized, skipping
Refreshing native plugins compatible for Editor in 0.75 ms, found 2 plugins.
Preloading 0 native plugins for Editor in 0.00 ms.
Unloading 2151 Unused Serialized files (Serialized files now loaded: 0)
System memory in use before: 101.8 MB.
System memory in use after: 101.9 MB.

Unloading 58 unused Assets to reduce memory usage. Loaded Objects now: 2619.
Total: 3.442500 ms (FindLiveObjects: 0.235700 ms CreateObjectMapping: 0.063400 ms MarkObjects: 3.100300 ms  DeleteObjects: 0.041800 ms)

========================================================================
Received Prepare
Registering precompiled user dll's ...
Registered in 0.004018 seconds.
Begin MonoManager ReloadAssembly
Native extension for WindowsStandalone target not found
Native extension for WebGL target not found
Refreshing native plugins compatible for Editor in 0.84 ms, found 2 plugins.
Preloading 0 native plugins for Editor in 0.00 ms.
Mono: successfully reloaded assembly
- Completed reload, in  0.954 seconds
Platform modules already initialized, skipping
Refreshing native plugins compatible for Editor in 0.90 ms, found 2 plugins.
Preloading 0 native plugins for Editor in 0.00 ms.
Unloading 2151 Unused Serialized files (Serialized files now loaded: 0)
System memory in use before: 101.8 MB.
System memory in use after: 101.9 MB.

Unloading 58 unused Assets to reduce memory usage. Loaded Objects now: 2622.
Total: 3.287000 ms (FindLiveObjects: 0.220700 ms CreateObjectMapping: 0.066300 ms MarkObjects: 2.957300 ms  DeleteObjects: 0.041900 ms)

========================================================================
Received Prepare
Registering precompiled user dll's ...
Registered in 0.003921 seconds.
Begin MonoManager ReloadAssembly
Native extension for WindowsStandalone target not found
Native extension for WebGL target not found
Refreshing native plugins compatible for Editor in 0.87 ms, found 2 plugins.
Preloading 0 native plugins for Editor in 0.00 ms.
Mono: successfully reloaded assembly
- Completed reload, in  0.943 seconds
Platform modules already initialized, skipping
Refreshing native plugins compatible for Editor in 1.23 ms, found 2 plugins.
Preloading 0 native plugins for Editor in 0.00 ms.
Unloading 2151 Unused Serialized files (Serialized files now loaded: 0)
System memory in use before: 101.8 MB.
System memory in use after: 101.9 MB.

Unloading 58 unused Assets to reduce memory usage. Loaded Objects now: 2625.
Total: 3.119400 ms (FindLiveObjects: 0.219900 ms CreateObjectMapping: 0.047100 ms MarkObjects: 2.788400 ms  DeleteObjects: 0.062700 ms)

========================================================================
Received Prepare
Registering precompiled user dll's ...
Registered in 0.003722 seconds.
Begin MonoManager ReloadAssembly
Native extension for WindowsStandalone target not found
Native extension for WebGL target not found
Refreshing native plugins compatible for Editor in 0.83 ms, found 2 plugins.
Preloading 0 native plugins for Editor in 0.00 ms.
Mono: successfully reloaded assembly
- Completed reload, in  0.929 seconds
Platform modules already initialized, skipping
Refreshing native plugins compatible for Editor in 0.87 ms, found 2 plugins.
Preloading 0 native plugins for Editor in 0.00 ms.
Unloading 2151 Unused Serialized files (Serialized files now loaded: 0)
System memory in use before: 101.8 MB.
System memory in use after: 101.9 MB.

Unloading 58 unused Assets to reduce memory usage. Loaded Objects now: 2628.
Total: 3.176600 ms (FindLiveObjects: 0.232500 ms CreateObjectMapping: 0.050800 ms MarkObjects: 2.855300 ms  DeleteObjects: 0.036400 ms)

========================================================================
Received Prepare
Registering precompiled user dll's ...
Registered in 0.004173 seconds.
Begin MonoManager ReloadAssembly
Native extension for WindowsStandalone target not found
Native extension for WebGL target not found
Refreshing native plugins compatible for Editor in 0.84 ms, found 2 plugins.
Preloading 0 native plugins for Editor in 0.00 ms.
Mono: successfully reloaded assembly
- Completed reload, in  0.948 seconds
Platform modules already initialized, skipping
Refreshing native plugins compatible for Editor in 0.85 ms, found 2 plugins.
Preloading 0 native plugins for Editor in 0.00 ms.
Unloading 2151 Unused Serialized files (Serialized files now loaded: 0)
System memory in use before: 101.8 MB.
System memory in use after: 101.9 MB.

Unloading 58 unused Assets to reduce memory usage. Loaded Objects now: 2631.
Total: 3.379700 ms (FindLiveObjects: 0.304000 ms CreateObjectMapping: 0.090600 ms MarkObjects: 2.945500 ms  DeleteObjects: 0.038000 ms)

========================================================================
Received Prepare
Registering precompiled user dll's ...
Registered in 0.003762 seconds.
Begin MonoManager ReloadAssembly
Native extension for WindowsStandalone target not found
Native extension for WebGL target not found
Refreshing native plugins compatible for Editor in 0.84 ms, found 2 plugins.
Preloading 0 native plugins for Editor in 0.00 ms.
Mono: successfully reloaded assembly
- Completed reload, in  0.951 seconds
Platform modules already initialized, skipping
Refreshing native plugins compatible for Editor in 0.85 ms, found 2 plugins.
Preloading 0 native plugins for Editor in 0.00 ms.
Unloading 2151 Unused Serialized files (Serialized files now loaded: 0)
System memory in use before: 101.8 MB.
System memory in use after: 101.9 MB.

Unloading 58 unused Assets to reduce memory usage. Loaded Objects now: 2634.
Total: 3.332300 ms (FindLiveObjects: 0.241900 ms CreateObjectMapping: 0.051600 ms MarkObjects: 2.997600 ms  DeleteObjects: 0.039400 ms)

========================================================================
Received Prepare
Registering precompiled user dll's ...
Registered in 0.003819 seconds.
Begin MonoManager ReloadAssembly
Native extension for WindowsStandalone target not found
Native extension for WebGL target not found
Refreshing native plugins compatible for Editor in 0.95 ms, found 2 plugins.
Preloading 0 native plugins for Editor in 0.00 ms.
Mono: successfully reloaded assembly
- Completed reload, in  0.955 seconds
Platform modules already initialized, skipping
Refreshing native plugins compatible for Editor in 0.82 ms, found 2 plugins.
Preloading 0 native plugins for Editor in 0.00 ms.
Unloading 2151 Unused Serialized files (Serialized files now loaded: 0)
System memory in use before: 101.8 MB.
System memory in use after: 101.9 MB.

Unloading 58 unused Assets to reduce memory usage. Loaded Objects now: 2637.
Total: 3.319900 ms (FindLiveObjects: 0.209400 ms CreateObjectMapping: 0.049700 ms MarkObjects: 3.021800 ms  DeleteObjects: 0.037900 ms)

========================================================================
Received Prepare
Registering precompiled user dll's ...
Registered in 0.004061 seconds.
Begin MonoManager ReloadAssembly
Native extension for WindowsStandalone target not found
Native extension for WebGL target not found
Refreshing native plugins compatible for Editor in 0.84 ms, found 2 plugins.
Preloading 0 native plugins for Editor in 0.00 ms.
Mono: successfully reloaded assembly
- Completed reload, in  0.952 seconds
Platform modules already initialized, skipping
Refreshing native plugins compatible for Editor in 1.16 ms, found 2 plugins.
Preloading 0 native plugins for Editor in 0.00 ms.
Unloading 2151 Unused Serialized files (Serialized files now loaded: 0)
System memory in use before: 101.8 MB.
System memory in use after: 102.0 MB.

Unloading 58 unused Assets to reduce memory usage. Loaded Objects now: 2640.
Total: 3.245200 ms (FindLiveObjects: 0.231000 ms CreateObjectMapping: 0.053100 ms MarkObjects: 2.919600 ms  DeleteObjects: 0.040200 ms)

========================================================================
Received Prepare
Registering precompiled user dll's ...
Registered in 0.004069 seconds.
Begin MonoManager ReloadAssembly
Native extension for WindowsStandalone target not found
Native extension for WebGL target not found
Refreshing native plugins compatible for Editor in 0.84 ms, found 2 plugins.
Preloading 0 native plugins for Editor in 0.00 ms.
Mono: successfully reloaded assembly
- Completed reload, in  0.951 seconds
Platform modules already initialized, skipping
Refreshing native plugins compatible for Editor in 0.81 ms, found 2 plugins.
Preloading 0 native plugins for Editor in 0.00 ms.
Unloading 2151 Unused Serialized files (Serialized files now loaded: 0)
System memory in use before: 101.8 MB.
System memory in use after: 102.0 MB.

Unloading 58 unused Assets to reduce memory usage. Loaded Objects now: 2643.
Total: 3.088700 ms (FindLiveObjects: 0.221900 ms CreateObjectMapping: 0.051500 ms MarkObjects: 2.771700 ms  DeleteObjects: 0.042600 ms)

========================================================================
Received Prepare
Registering precompiled user dll's ...
Registered in 0.003942 seconds.
Begin MonoManager ReloadAssembly
Native extension for WindowsStandalone target not found
Native extension for WebGL target not found
Refreshing native plugins compatible for Editor in 0.84 ms, found 2 plugins.
Preloading 0 native plugins for Editor in 0.00 ms.
Mono: successfully reloaded assembly
- Completed reload, in  0.957 seconds
Platform modules already initialized, skipping
Refreshing native plugins compatible for Editor in 0.82 ms, found 2 plugins.
Preloading 0 native plugins for Editor in 0.00 ms.
Unloading 2151 Unused Serialized files (Serialized files now loaded: 0)
System memory in use before: 101.9 MB.
System memory in use after: 102.0 MB.

Unloading 58 unused Assets to reduce memory usage. Loaded Objects now: 2646.
Total: 3.129200 ms (FindLiveObjects: 0.251900 ms CreateObjectMapping: 0.051400 ms MarkObjects: 2.788100 ms  DeleteObjects: 0.036900 ms)

========================================================================
Received Prepare
Registering precompiled user dll's ...
Registered in 0.003981 seconds.
Begin MonoManager ReloadAssembly
Native extension for WindowsStandalone target not found
Native extension for WebGL target not found
Refreshing native plugins compatible for Editor in 0.86 ms, found 2 plugins.
Preloading 0 native plugins for Editor in 0.00 ms.
Mono: successfully reloaded assembly
- Completed reload, in  0.946 seconds
Platform modules already initialized, skipping
Refreshing native plugins compatible for Editor in 0.82 ms, found 2 plugins.
Preloading 0 native plugins for Editor in 0.00 ms.
Unloading 2151 Unused Serialized files (Serialized files now loaded: 0)
System memory in use before: 101.9 MB.
System memory in use after: 102.0 MB.

Unloading 58 unused Assets to reduce memory usage. Loaded Objects now: 2649.
Total: 3.507500 ms (FindLiveObjects: 0.213900 ms CreateObjectMapping: 0.050600 ms MarkObjects: 3.204400 ms  DeleteObjects: 0.037200 ms)

========================================================================
Received Prepare
Registering precompiled user dll's ...
Registered in 0.003908 seconds.
Begin MonoManager ReloadAssembly
Native extension for WindowsStandalone target not found
Native extension for WebGL target not found
Refreshing native plugins compatible for Editor in 0.86 ms, found 2 plugins.
Preloading 0 native plugins for Editor in 0.00 ms.
Mono: successfully reloaded assembly
- Completed reload, in  0.950 seconds
Platform modules already initialized, skipping
Refreshing native plugins compatible for Editor in 0.83 ms, found 2 plugins.
Preloading 0 native plugins for Editor in 0.00 ms.
Unloading 2151 Unused Serialized files (Serialized files now loaded: 0)
System memory in use before: 101.9 MB.
System memory in use after: 102.0 MB.

Unloading 58 unused Assets to reduce memory usage. Loaded Objects now: 2652.
Total: 3.326800 ms (FindLiveObjects: 0.272700 ms CreateObjectMapping: 0.059700 ms MarkObjects: 2.965200 ms  DeleteObjects: 0.027500 ms)

========================================================================
Received Prepare
Registering precompiled user dll's ...
Registered in 0.003853 seconds.
Begin MonoManager ReloadAssembly
Native extension for WindowsStandalone target not found
Native extension for WebGL target not found
Refreshing native plugins compatible for Editor in 0.82 ms, found 2 plugins.
Preloading 0 native plugins for Editor in 0.00 ms.
Mono: successfully reloaded assembly
- Completed reload, in  0.940 seconds
Platform modules already initialized, skipping
Refreshing native plugins compatible for Editor in 0.76 ms, found 2 plugins.
Preloading 0 native plugins for Editor in 0.00 ms.
Unloading 2151 Unused Serialized files (Serialized files now loaded: 0)
System memory in use before: 101.9 MB.
System memory in use after: 102.0 MB.

Unloading 58 unused Assets to reduce memory usage. Loaded Objects now: 2655.
Total: 3.453200 ms (FindLiveObjects: 0.229500 ms CreateObjectMapping: 0.062400 ms MarkObjects: 3.123300 ms  DeleteObjects: 0.037000 ms)

========================================================================
Received Prepare
Registering precompiled user dll's ...
Registered in 0.003734 seconds.
Begin MonoManager ReloadAssembly
Native extension for WindowsStandalone target not found
Native extension for WebGL target not found
Refreshing native plugins compatible for Editor in 0.83 ms, found 2 plugins.
Preloading 0 native plugins for Editor in 0.00 ms.
Mono: successfully reloaded assembly
- Completed reload, in  0.929 seconds
Platform modules already initialized, skipping
Refreshing native plugins compatible for Editor in 0.83 ms, found 2 plugins.
Preloading 0 native plugins for Editor in 0.00 ms.
Unloading 2151 Unused Serialized files (Serialized files now loaded: 0)
System memory in use before: 101.9 MB.
System memory in use after: 102.0 MB.

Unloading 58 unused Assets to reduce memory usage. Loaded Objects now: 2658.
Total: 3.111000 ms (FindLiveObjects: 0.218300 ms CreateObjectMapping: 0.052900 ms MarkObjects: 2.808200 ms  DeleteObjects: 0.030500 ms)

========================================================================
Received Prepare
Registering precompiled user dll's ...
Registered in 0.003907 seconds.
Begin MonoManager ReloadAssembly
Native extension for WindowsStandalone target not found
Native extension for WebGL target not found
Refreshing native plugins compatible for Editor in 0.85 ms, found 2 plugins.
Preloading 0 native plugins for Editor in 0.00 ms.
Mono: successfully reloaded assembly
- Completed reload, in  0.946 seconds
Platform modules already initialized, skipping
Refreshing native plugins compatible for Editor in 0.84 ms, found 2 plugins.
Preloading 0 native plugins for Editor in 0.00 ms.
Unloading 2151 Unused Serialized files (Serialized files now loaded: 0)
System memory in use before: 101.9 MB.
System memory in use after: 102.0 MB.

Unloading 58 unused Assets to reduce memory usage. Loaded Objects now: 2661.
Total: 3.328700 ms (FindLiveObjects: 0.224900 ms CreateObjectMapping: 0.055000 ms MarkObjects: 3.015400 ms  DeleteObjects: 0.032500 ms)

========================================================================
Received Prepare
Registering precompiled user dll's ...
Registered in 0.003966 seconds.
Begin MonoManager ReloadAssembly
Native extension for WindowsStandalone target not found
Native extension for WebGL target not found
Refreshing native plugins compatible for Editor in 0.83 ms, found 2 plugins.
Preloading 0 native plugins for Editor in 0.00 ms.
Mono: successfully reloaded assembly
- Completed reload, in  0.937 seconds
Platform modules already initialized, skipping
Refreshing native plugins compatible for Editor in 0.86 ms, found 2 plugins.
Preloading 0 native plugins for Editor in 0.00 ms.
Unloading 2151 Unused Serialized files (Serialized files now loaded: 0)
System memory in use before: 101.9 MB.
System memory in use after: 102.1 MB.

Unloading 58 unused Assets to reduce memory usage. Loaded Objects now: 2664.
Total: 3.042500 ms (FindLiveObjects: 0.229400 ms CreateObjectMapping: 0.055900 ms MarkObjects: 2.731000 ms  DeleteObjects: 0.025400 ms)

========================================================================
Received Prepare
Registering precompiled user dll's ...
Registered in 0.004078 seconds.
Begin MonoManager ReloadAssembly
Native extension for WindowsStandalone target not found
Native extension for WebGL target not found
Refreshing native plugins compatible for Editor in 0.88 ms, found 2 plugins.
Preloading 0 native plugins for Editor in 0.00 ms.
Mono: successfully reloaded assembly
- Completed reload, in  0.971 seconds
Platform modules already initialized, skipping
Refreshing native plugins compatible for Editor in 0.84 ms, found 2 plugins.
Preloading 0 native plugins for Editor in 0.00 ms.
Unloading 2151 Unused Serialized files (Serialized files now loaded: 0)
System memory in use before: 101.9 MB.
System memory in use after: 102.1 MB.

Unloading 58 unused Assets to reduce memory usage. Loaded Objects now: 2667.
Total: 2.954500 ms (FindLiveObjects: 0.240400 ms CreateObjectMapping: 0.052000 ms MarkObjects: 2.628800 ms  DeleteObjects: 0.032200 ms)

========================================================================
Received Prepare
Registering precompiled user dll's ...
Registered in 0.003905 seconds.
Begin MonoManager ReloadAssembly
Native extension for WindowsStandalone target not found
Native extension for WebGL target not found
Refreshing native plugins compatible for Editor in 0.85 ms, found 2 plugins.
Preloading 0 native plugins for Editor in 0.00 ms.
Mono: successfully reloaded assembly
- Completed reload, in  0.943 seconds
Platform modules already initialized, skipping
Refreshing native plugins compatible for Editor in 0.87 ms, found 2 plugins.
Preloading 0 native plugins for Editor in 0.00 ms.
Unloading 2151 Unused Serialized files (Serialized files now loaded: 0)
System memory in use before: 102.1 MB.
System memory in use after: 102.2 MB.

Unloading 58 unused Assets to reduce memory usage. Loaded Objects now: 2670.
Total: 3.416300 ms (FindLiveObjects: 0.249400 ms CreateObjectMapping: 0.056400 ms MarkObjects: 3.073400 ms  DeleteObjects: 0.036000 ms)

========================================================================
Received Prepare
Registering precompiled user dll's ...
Registered in 0.004116 seconds.
Begin MonoManager ReloadAssembly
Native extension for WindowsStandalone target not found
Native extension for WebGL target not found
Refreshing native plugins compatible for Editor in 0.85 ms, found 2 plugins.
Preloading 0 native plugins for Editor in 0.00 ms.
Mono: successfully reloaded assembly
- Completed reload, in  0.950 seconds
Platform modules already initialized, skipping
Refreshing native plugins compatible for Editor in 0.84 ms, found 2 plugins.
Preloading 0 native plugins for Editor in 0.00 ms.
Unloading 2151 Unused Serialized files (Serialized files now loaded: 0)
System memory in use before: 102.1 MB.
System memory in use after: 102.2 MB.

Unloading 58 unused Assets to reduce memory usage. Loaded Objects now: 2673.
Total: 3.024200 ms (FindLiveObjects: 0.254900 ms CreateObjectMapping: 0.052300 ms MarkObjects: 2.691500 ms  DeleteObjects: 0.024500 ms)

========================================================================
Received Prepare
Registering precompiled user dll's ...
Registered in 0.004011 seconds.
Begin MonoManager ReloadAssembly
Native extension for WindowsStandalone target not found
Native extension for WebGL target not found
Refreshing native plugins compatible for Editor in 0.85 ms, found 2 plugins.
Preloading 0 native plugins for Editor in 0.00 ms.
Mono: successfully reloaded assembly
- Completed reload, in  0.948 seconds
Platform modules already initialized, skipping
Refreshing native plugins compatible for Editor in 0.83 ms, found 2 plugins.
Preloading 0 native plugins for Editor in 0.00 ms.
Unloading 2151 Unused Serialized files (Serialized files now loaded: 0)
System memory in use before: 102.1 MB.
System memory in use after: 102.2 MB.

Unloading 58 unused Assets to reduce memory usage. Loaded Objects now: 2676.
Total: 2.963600 ms (FindLiveObjects: 0.240100 ms CreateObjectMapping: 0.054200 ms MarkObjects: 2.639700 ms  DeleteObjects: 0.028700 ms)

========================================================================
Received Prepare
Registering precompiled user dll's ...
Registered in 0.003986 seconds.
Begin MonoManager ReloadAssembly
Native extension for WindowsStandalone target not found
Native extension for WebGL target not found
Refreshing native plugins compatible for Editor in 0.86 ms, found 2 plugins.
Preloading 0 native plugins for Editor in 0.00 ms.
Mono: successfully reloaded assembly
- Completed reload, in  0.956 seconds
Platform modules already initialized, skipping
Refreshing native plugins compatible for Editor in 0.97 ms, found 2 plugins.
Preloading 0 native plugins for Editor in 0.00 ms.
Unloading 2151 Unused Serialized files (Serialized files now loaded: 0)
System memory in use before: 102.1 MB.
System memory in use after: 102.3 MB.

Unloading 58 unused Assets to reduce memory usage. Loaded Objects now: 2679.
Total: 2.913200 ms (FindLiveObjects: 0.245400 ms CreateObjectMapping: 0.059600 ms MarkObjects: 2.578400 ms  DeleteObjects: 0.028700 ms)

========================================================================
Received Prepare
Registering precompiled user dll's ...
Registered in 0.003924 seconds.
Begin MonoManager ReloadAssembly
Native extension for WindowsStandalone target not found
Native extension for WebGL target not found
Refreshing native plugins compatible for Editor in 0.87 ms, found 2 plugins.
Preloading 0 native plugins for Editor in 0.00 ms.
Mono: successfully reloaded assembly
- Completed reload, in  0.950 seconds
Platform modules already initialized, skipping
Refreshing native plugins compatible for Editor in 0.85 ms, found 2 plugins.
Preloading 0 native plugins for Editor in 0.00 ms.
Unloading 2151 Unused Serialized files (Serialized files now loaded: 0)
System memory in use before: 102.1 MB.
System memory in use after: 102.3 MB.

Unloading 58 unused Assets to reduce memory usage. Loaded Objects now: 2682.
Total: 3.145300 ms (FindLiveObjects: 0.247700 ms CreateObjectMapping: 0.060200 ms MarkObjects: 2.800900 ms  DeleteObjects: 0.035700 ms)

========================================================================
Received Import Request.
  Time since last request: 4591.700528 seconds.
  path: Assets/Prefabs/player.prefab
  artifactKey: Guid(88cc6b41ebcdbc9428078ade3f12111a) Importer(815301076,1909f56bfc062723c751e8b465ee728b)
Start importing Assets/Prefabs/player.prefab using Guid(88cc6b41ebcdbc9428078ade3f12111a) Importer(815301076,1909f56bfc062723c751e8b465ee728b)  -> (artifact id: '1e20a1d90969901659e89b76d97906cc') in 0.086629 seconds 
========================================================================
Received Prepare
Registering precompiled user dll's ...
Registered in 0.004095 seconds.
Begin MonoManager ReloadAssembly
Native extension for WindowsStandalone target not found
Native extension for WebGL target not found
Refreshing native plugins compatible for Editor in 0.84 ms, found 2 plugins.
Preloading 0 native plugins for Editor in 0.00 ms.
Mono: successfully reloaded assembly
- Completed reload, in  0.979 seconds
Platform modules already initialized, skipping
Refreshing native plugins compatible for Editor in 0.84 ms, found 2 plugins.
Preloading 0 native plugins for Editor in 0.00 ms.
Unloading 2151 Unused Serialized files (Serialized files now loaded: 0)
System memory in use before: 102.1 MB.
System memory in use after: 102.3 MB.

Unloading 58 unused Assets to reduce memory usage. Loaded Objects now: 2686.
Total: 3.132300 ms (FindLiveObjects: 0.311800 ms CreateObjectMapping: 0.059200 ms MarkObjects: 2.733800 ms  DeleteObjects: 0.026500 ms)

========================================================================
Received Import Request.
  Time since last request: 88.651347 seconds.
  path: Assets/Prefabs/LevelElements/DashMovingPlatform.prefab
  artifactKey: Guid(f668107ab996f1749bf7af1f83b6df62) Importer(815301076,1909f56bfc062723c751e8b465ee728b)
Start importing Assets/Prefabs/LevelElements/DashMovingPlatform.prefab using Guid(f668107ab996f1749bf7af1f83b6df62) Importer(815301076,1909f56bfc062723c751e8b465ee728b)  -> (artifact id: 'b664a5b4ed4c5883be3951898a493040') in 0.058497 seconds 
========================================================================
Received Import Request.
  Time since last request: 8.598638 seconds.
  path: Assets/Prefabs/LevelElements/DashMovingPlatform.prefab
  artifactKey: Guid(f668107ab996f1749bf7af1f83b6df62) Importer(815301076,1909f56bfc062723c751e8b465ee728b)
Start importing Assets/Prefabs/LevelElements/DashMovingPlatform.prefab using Guid(f668107ab996f1749bf7af1f83b6df62) Importer(815301076,1909f56bfc062723c751e8b465ee728b)  -> (artifact id: '69c9496219feacc4e598440e8fe56801') in 0.026311 seconds 
========================================================================
Received Import Request.
  Time since last request: 9.368613 seconds.
  path: Assets/Prefabs/LevelElements/DashMovingPlatform.prefab
  artifactKey: Guid(f668107ab996f1749bf7af1f83b6df62) Importer(815301076,1909f56bfc062723c751e8b465ee728b)
Start importing Assets/Prefabs/LevelElements/DashMovingPlatform.prefab using Guid(f668107ab996f1749bf7af1f83b6df62) Importer(815301076,1909f56bfc062723c751e8b465ee728b)  -> (artifact id: 'e04c696674f2100fd45d0d17ed2baab1') in 0.024531 seconds 
========================================================================
Received Import Request.
  Time since last request: 0.987131 seconds.
  path: Assets/Prefabs/LevelElements/DashMovingPlatform.prefab
  artifactKey: Guid(f668107ab996f1749bf7af1f83b6df62) Importer(815301076,1909f56bfc062723c751e8b465ee728b)
Start importing Assets/Prefabs/LevelElements/DashMovingPlatform.prefab using Guid(f668107ab996f1749bf7af1f83b6df62) Importer(815301076,1909f56bfc062723c751e8b465ee728b)  -> (artifact id: '008623e1762f9d458de7e9a81e066caf') in 0.025777 seconds 
========================================================================
Received Import Request.
  Time since last request: 9.230695 seconds.
  path: Assets/Prefabs/LevelElements/DashMovingPlatform.prefab
  artifactKey: Guid(f668107ab996f1749bf7af1f83b6df62) Importer(815301076,1909f56bfc062723c751e8b465ee728b)
Start importing Assets/Prefabs/LevelElements/DashMovingPlatform.prefab using Guid(f668107ab996f1749bf7af1f83b6df62) Importer(815301076,1909f56bfc062723c751e8b465ee728b)  -> (artifact id: '64258d6450010dc7ea4d9b7269927145') in 0.006686 seconds 
========================================================================
Received Import Request.
  Time since last request: 4.416087 seconds.
  path: Assets/Prefabs/LevelElements/DashMovingPlatform.prefab
  artifactKey: Guid(f668107ab996f1749bf7af1f83b6df62) Importer(815301076,1909f56bfc062723c751e8b465ee728b)
Start importing Assets/Prefabs/LevelElements/DashMovingPlatform.prefab using Guid(f668107ab996f1749bf7af1f83b6df62) Importer(815301076,1909f56bfc062723c751e8b465ee728b)  -> (artifact id: 'ddd5ceebd01f3016415210a29a252d45') in 0.007097 seconds 
========================================================================
Received Import Request.
  Time since last request: 6.456834 seconds.
  path: Assets/Prefabs/LevelElements/DashMovingPlatform.prefab
  artifactKey: Guid(f668107ab996f1749bf7af1f83b6df62) Importer(815301076,1909f56bfc062723c751e8b465ee728b)
Start importing Assets/Prefabs/LevelElements/DashMovingPlatform.prefab using Guid(f668107ab996f1749bf7af1f83b6df62) Importer(815301076,1909f56bfc062723c751e8b465ee728b)  -> (artifact id: '1c6343176295d6a0dfb1801f927cf895') in 0.008039 seconds 
========================================================================
Received Import Request.
  Time since last request: 3.914781 seconds.
  path: Assets/Prefabs/LevelElements/DashMovingPlatform.prefab
  artifactKey: Guid(f668107ab996f1749bf7af1f83b6df62) Importer(815301076,1909f56bfc062723c751e8b465ee728b)
Start importing Assets/Prefabs/LevelElements/DashMovingPlatform.prefab using Guid(f668107ab996f1749bf7af1f83b6df62) Importer(815301076,1909f56bfc062723c751e8b465ee728b)  -> (artifact id: '61bac90be1bf3d50b3f80a3986f5018e') in 0.025226 seconds 
========================================================================
Received Import Request.
  Time since last request: 4.866975 seconds.
  path: Assets/Prefabs/LevelElements/DashMovingPlatform.prefab
  artifactKey: Guid(f668107ab996f1749bf7af1f83b6df62) Importer(815301076,1909f56bfc062723c751e8b465ee728b)
Start importing Assets/Prefabs/LevelElements/DashMovingPlatform.prefab using Guid(f668107ab996f1749bf7af1f83b6df62) Importer(815301076,1909f56bfc062723c751e8b465ee728b)  -> (artifact id: 'd162990152c0d23ac8364e23fa377fc4') in 0.025556 seconds 
========================================================================
Received Import Request.
  Time since last request: 1.979630 seconds.
  path: Assets/Prefabs/LevelElements/DashMovingPlatform.prefab
  artifactKey: Guid(f668107ab996f1749bf7af1f83b6df62) Importer(815301076,1909f56bfc062723c751e8b465ee728b)
Start importing Assets/Prefabs/LevelElements/DashMovingPlatform.prefab using Guid(f668107ab996f1749bf7af1f83b6df62) Importer(815301076,1909f56bfc062723c751e8b465ee728b)  -> (artifact id: 'd22a6c62dddcc66388d31bed4be361ca') in 0.026086 seconds 
========================================================================
Received Import Request.
  Time since last request: 3.218390 seconds.
  path: Assets/Prefabs/LevelElements/DashMovingPlatform.prefab
  artifactKey: Guid(f668107ab996f1749bf7af1f83b6df62) Importer(815301076,1909f56bfc062723c751e8b465ee728b)
Start importing Assets/Prefabs/LevelElements/DashMovingPlatform.prefab using Guid(f668107ab996f1749bf7af1f83b6df62) Importer(815301076,1909f56bfc062723c751e8b465ee728b)  -> (artifact id: '7022bd5ce61ddd0e3d347cf5f98d92b8') in 0.026378 seconds 
========================================================================
Received Import Request.
  Time since last request: 1.394030 seconds.
  path: Assets/Prefabs/LevelElements/DashMovingPlatform.prefab
  artifactKey: Guid(f668107ab996f1749bf7af1f83b6df62) Importer(815301076,1909f56bfc062723c751e8b465ee728b)
Start importing Assets/Prefabs/LevelElements/DashMovingPlatform.prefab using Guid(f668107ab996f1749bf7af1f83b6df62) Importer(815301076,1909f56bfc062723c751e8b465ee728b)  -> (artifact id: '7cdee8ef8a18bb083945f562e57957b7') in 0.007455 seconds 
========================================================================
Received Import Request.
  Time since last request: 1.610591 seconds.
  path: Assets/Prefabs/LevelElements/DashMovingPlatform.prefab
  artifactKey: Guid(f668107ab996f1749bf7af1f83b6df62) Importer(815301076,1909f56bfc062723c751e8b465ee728b)
Start importing Assets/Prefabs/LevelElements/DashMovingPlatform.prefab using Guid(f668107ab996f1749bf7af1f83b6df62) Importer(815301076,1909f56bfc062723c751e8b465ee728b)  -> (artifact id: '07168c69c877bd1639f92848537e2b6f') in 0.010465 seconds 
========================================================================
Received Import Request.
  Time since last request: 0.587611 seconds.
  path: Assets/Prefabs/LevelElements/DashMovingPlatform.prefab
  artifactKey: Guid(f668107ab996f1749bf7af1f83b6df62) Importer(815301076,1909f56bfc062723c751e8b465ee728b)
Start importing Assets/Prefabs/LevelElements/DashMovingPlatform.prefab using Guid(f668107ab996f1749bf7af1f83b6df62) Importer(815301076,1909f56bfc062723c751e8b465ee728b)  -> (artifact id: '01888718905301b64610349fd95757a3') in 0.011171 seconds 
========================================================================
Received Import Request.
  Time since last request: 13.526720 seconds.
  path: Assets/Scenes/TestsLevels/SceneTest1.unity
  artifactKey: Guid(5e727a813d8702c42ba55a26ef39468e) Importer(815301076,1909f56bfc062723c751e8b465ee728b)
Start importing Assets/Scenes/TestsLevels/SceneTest1.unity using Guid(5e727a813d8702c42ba55a26ef39468e) Importer(815301076,1909f56bfc062723c751e8b465ee728b)  -> (artifact id: '2ce5b9a6a77ddb4a5419821652a22988') in 0.007431 seconds 
========================================================================
Received Import Request.
  Time since last request: 16.958141 seconds.
  path: Assets/Prefabs/LevelElements/JumpMovingPlatform.prefab
  artifactKey: Guid(86f51e4c6610bcd4dbe803aa4ba07f0a) Importer(815301076,1909f56bfc062723c751e8b465ee728b)
Start importing Assets/Prefabs/LevelElements/JumpMovingPlatform.prefab using Guid(86f51e4c6610bcd4dbe803aa4ba07f0a) Importer(815301076,1909f56bfc062723c751e8b465ee728b)  -> (artifact id: '21500c968ab6a54980386ea95521a031') in 0.011258 seconds 
========================================================================
Received Import Request.
  Time since last request: 2.811231 seconds.
  path: Assets/Prefabs/LevelElements/JumpMovingPlatform.prefab
  artifactKey: Guid(86f51e4c6610bcd4dbe803aa4ba07f0a) Importer(815301076,1909f56bfc062723c751e8b465ee728b)
Start importing Assets/Prefabs/LevelElements/JumpMovingPlatform.prefab using Guid(86f51e4c6610bcd4dbe803aa4ba07f0a) Importer(815301076,1909f56bfc062723c751e8b465ee728b)  -> (artifact id: '01a60ca44735fb047ebd55b4c2c00a28') in 0.010583 seconds 
========================================================================
Received Import Request.
  Time since last request: 106.042674 seconds.
  path: Assets/Scenes/TestsLevels/SceneTest2.unity
  artifactKey: Guid(b589b3178be7c544e9fa3bb7106f6ad8) Importer(815301076,1909f56bfc062723c751e8b465ee728b)
Start importing Assets/Scenes/TestsLevels/SceneTest2.unity using Guid(b589b3178be7c544e9fa3bb7106f6ad8) Importer(815301076,1909f56bfc062723c751e8b465ee728b)  -> (artifact id: 'fa3e07da7ce3447c7271d765d1d34a5d') in 0.007477 seconds 
========================================================================
Received Import Request.
  Time since last request: 132.852789 seconds.
  path: Assets/Scenes/TestsLevels/SceneTest3.unity
  artifactKey: Guid(4c0d94f8fb4d1934ba5e6e94b169c0b1) Importer(815301076,1909f56bfc062723c751e8b465ee728b)
Start importing Assets/Scenes/TestsLevels/SceneTest3.unity using Guid(4c0d94f8fb4d1934ba5e6e94b169c0b1) Importer(815301076,1909f56bfc062723c751e8b465ee728b)  -> (artifact id: '1db783f368fbc89e3ccded963b35151c') in 0.007056 seconds 
========================================================================
Received Import Request.
  Time since last request: 369.389417 seconds.
  path: Assets/Scenes/TestsLevels/SceneTest3.unity
  artifactKey: Guid(4c0d94f8fb4d1934ba5e6e94b169c0b1) Importer(815301076,1909f56bfc062723c751e8b465ee728b)
Start importing Assets/Scenes/TestsLevels/SceneTest3.unity using Guid(4c0d94f8fb4d1934ba5e6e94b169c0b1) Importer(815301076,1909f56bfc062723c751e8b465ee728b)  -> (artifact id: '16d820d694366056394cff47da76ec52') in 0.002604 seconds 
========================================================================
Received Import Request.
  Time since last request: 0.693944 seconds.
  path: Assets/Scenes/TestsLevels/SceneTest1.unity
  artifactKey: Guid(5e727a813d8702c42ba55a26ef39468e) Importer(815301076,1909f56bfc062723c751e8b465ee728b)
Start importing Assets/Scenes/TestsLevels/SceneTest1.unity using Guid(5e727a813d8702c42ba55a26ef39468e) Importer(815301076,1909f56bfc062723c751e8b465ee728b)  -> (artifact id: '90c6795f7d73e3852d8b2c1c2d27449f') in 0.002787 seconds 
========================================================================
Received Prepare
Registering precompiled user dll's ...
Registered in 0.003851 seconds.
Begin MonoManager ReloadAssembly
Native extension for WindowsStandalone target not found
Native extension for WebGL target not found
Refreshing native plugins compatible for Editor in 0.84 ms, found 2 plugins.
Preloading 0 native plugins for Editor in 0.00 ms.
Mono: successfully reloaded assembly
- Completed reload, in  0.957 seconds
Platform modules already initialized, skipping
Refreshing native plugins compatible for Editor in 0.83 ms, found 2 plugins.
Preloading 0 native plugins for Editor in 0.00 ms.
Unloading 2151 Unused Serialized files (Serialized files now loaded: 0)
System memory in use before: 102.2 MB.
System memory in use after: 102.4 MB.

Unloading 60 unused Assets to reduce memory usage. Loaded Objects now: 2690.
Total: 3.373900 ms (FindLiveObjects: 0.307000 ms CreateObjectMapping: 0.060700 ms MarkObjects: 2.915500 ms  DeleteObjects: 0.089800 ms)

========================================================================
Received Prepare
Refreshing native plugins compatible for Editor in 14.01 ms, found 2 plugins.
Preloading 0 native plugins for Editor in 0.00 ms.
Unloading 56 Unused Serialized files (Serialized files now loaded: 0)
System memory in use before: 60.6 MB.
System memory in use after: 60.8 MB.

Unloading 55 unused Assets to reduce memory usage. Loaded Objects now: 2690.
Total: 4.071000 ms (FindLiveObjects: 0.299100 ms CreateObjectMapping: 0.067100 ms MarkObjects: 3.673100 ms  DeleteObjects: 0.031000 ms)

========================================================================
Received Prepare
Refreshing native plugins compatible for Editor in 12.37 ms, found 2 plugins.
Preloading 0 native plugins for Editor in 0.00 ms.
Unloading 56 Unused Serialized files (Serialized files now loaded: 0)
System memory in use before: 60.6 MB.
System memory in use after: 60.8 MB.

Unloading 55 unused Assets to reduce memory usage. Loaded Objects now: 2690.
Total: 3.205100 ms (FindLiveObjects: 0.240700 ms CreateObjectMapping: 0.057600 ms MarkObjects: 2.878100 ms  DeleteObjects: 0.027800 ms)

