Using pre-set license
Built from '2021.1/release' branch; Version is '2021.1.4f1 (4cd64a618c1b) revision 5035594'; Using compiler version '192528614'; Build Type 'Release'
OS: 'Windows 10 Home; OS build 19041.928; Version 2004; 64bit' Language: 'fr' Physical Memory: 32696 MB
BatchMode: 1, IsHumanControllingUs: 0, StartBugReporterOnCrash: 0, Is64bit: 1, IsPro: 0

 COMMAND LINE ARGUMENTS:
C:\Program Files\Unity\2021.1.4f1\Editor\Unity.exe
-adb2
-batchMode
-noUpm
-name
AssetImportWorker0
-projectPath
C:/Users/paulm/Documents/GitHub/LudumDare48/LudumDare48/LudumDare48
-logFile
Logs/AssetImportWorker0.log
-srvPort
54259
Successfully changed project path to: C:/Users/paulm/Documents/GitHub/LudumDare48/LudumDare48/LudumDare48
C:/Users/paulm/Documents/GitHub/LudumDare48/LudumDare48/LudumDare48
Using Asset Import Pipeline V2.
Refreshing native plugins compatible for Editor in 51.46 ms, found 2 plugins.
Preloading 0 native plugins for Editor in 0.00 ms.
Initialize engine version: 2021.1.4f1 (4cd64a618c1b)
[Subsystems] Discovering subsystems at path C:/Program Files/Unity/2021.1.4f1/Editor/Data/Resources/UnitySubsystems
[Subsystems] Discovering subsystems at path C:/Users/paulm/Documents/GitHub/LudumDare48/LudumDare48/LudumDare48/Assets
GfxDevice: creating device client; threaded=0; jobified=0
Direct3D:
    Version:  Direct3D 11.0 [level 11.1]
    Renderer: NVIDIA GeForce RTX 2070 (ID=0x1f02)
    Vendor:   NVIDIA
    VRAM:     8031 MB
    Driver:   27.21.14.6589
Initialize mono
Mono path[0] = 'C:/Program Files/Unity/2021.1.4f1/Editor/Data/Managed'
Mono path[1] = 'C:/Program Files/Unity/2021.1.4f1/Editor/Data/MonoBleedingEdge/lib/mono/unityjit'
Mono config path = 'C:/Program Files/Unity/2021.1.4f1/Editor/Data/MonoBleedingEdge/etc'
Using monoOptions --debugger-agent=transport=dt_socket,embedding=1,server=y,suspend=n,address=127.0.0.1:56712
Begin MonoManager ReloadAssembly
Registering precompiled unity dll's ...
Register platform support module: C:/Program Files/Unity/2021.1.4f1/Editor/Data/PlaybackEngines/WebGLSupport/UnityEditor.WebGL.Extensions.dll
Register platform support module: C:/Program Files/Unity/2021.1.4f1/Editor/Data/PlaybackEngines/WindowsStandaloneSupport/UnityEditor.WindowsStandalone.Extensions.dll
Registered in 0.001545 seconds.
Native extension for WindowsStandalone target not found
Native extension for WebGL target not found
Refreshing native plugins compatible for Editor in 39.24 ms, found 2 plugins.
Preloading 0 native plugins for Editor in 0.00 ms.
Mono: successfully reloaded assembly
- Completed reload, in  0.987 seconds
Platform modules already initialized, skipping
Registering precompiled user dll's ...
Registered in 0.004434 seconds.
Begin MonoManager ReloadAssembly
Native extension for WindowsStandalone target not found
Native extension for WebGL target not found
Refreshing native plugins compatible for Editor in 38.51 ms, found 2 plugins.
Preloading 0 native plugins for Editor in 0.00 ms.
Refreshing native plugins compatible for Editor in 0.53 ms, found 2 plugins.
Mono: successfully reloaded assembly
- Completed reload, in  1.060 seconds
Platform modules already initialized, skipping
========================================================================
Worker process is ready to serve import requests
Launched and connected shader compiler UnityShaderCompiler.exe after 0.07 seconds
Refreshing native plugins compatible for Editor in 0.83 ms, found 2 plugins.
Preloading 0 native plugins for Editor in 0.00 ms.
Unloading 2179 Unused Serialized files (Serialized files now loaded: 0)
System memory in use before: 99.9 MB.
System memory in use after: 100.0 MB.

Unloading 69 unused Assets to reduce memory usage. Loaded Objects now: 2593.
Total: 3.027200 ms (FindLiveObjects: 0.217000 ms CreateObjectMapping: 0.052400 ms MarkObjects: 2.681500 ms  DeleteObjects: 0.075500 ms)

========================================================================
Received Prepare
Registering precompiled user dll's ...
Registered in 0.003999 seconds.
Begin MonoManager ReloadAssembly
Native extension for WindowsStandalone target not found
Native extension for WebGL target not found
Refreshing native plugins compatible for Editor in 0.81 ms, found 2 plugins.
Preloading 0 native plugins for Editor in 0.00 ms.
Mono: successfully reloaded assembly
- Completed reload, in  0.962 seconds
Platform modules already initialized, skipping
Refreshing native plugins compatible for Editor in 0.83 ms, found 2 plugins.
Preloading 0 native plugins for Editor in 0.00 ms.
Unloading 2156 Unused Serialized files (Serialized files now loaded: 0)
System memory in use before: 98.2 MB.
System memory in use after: 98.3 MB.

Unloading 58 unused Assets to reduce memory usage. Loaded Objects now: 2596.
Total: 2.934200 ms (FindLiveObjects: 0.221000 ms CreateObjectMapping: 0.050200 ms MarkObjects: 2.630300 ms  DeleteObjects: 0.031900 ms)

========================================================================
Received Import Request.
  path: Assets/Prefabs/player.prefab
  artifactKey: Guid(88cc6b41ebcdbc9428078ade3f12111a) Importer(815301076,1909f56bfc062723c751e8b465ee728b)
Start importing Assets/Prefabs/player.prefab using Guid(88cc6b41ebcdbc9428078ade3f12111a) Importer(815301076,1909f56bfc062723c751e8b465ee728b)  -> (artifact id: '0c52ec3845716fa47023ba2ff872458e') in 0.085514 seconds 
========================================================================
Received Import Request.
  Time since last request: 49.310446 seconds.
  path: Assets/Scenes/SceneThirdLevel/Level3Scene3.unity
  artifactKey: Guid(b589b3178be7c544e9fa3bb7106f6ad8) Importer(815301076,1909f56bfc062723c751e8b465ee728b)
Start importing Assets/Scenes/SceneThirdLevel/Level3Scene3.unity using Guid(b589b3178be7c544e9fa3bb7106f6ad8) Importer(815301076,1909f56bfc062723c751e8b465ee728b)  -> (artifact id: '29251a5937d3bb99539ef3fcbed054c1') in 0.013055 seconds 
========================================================================
Received Import Request.
  Time since last request: 6.994113 seconds.
  path: Assets/Prefabs/UiElements
  artifactKey: Guid(2aa174e8f162ffd48b21177e78c854dd) Importer(815301076,1909f56bfc062723c751e8b465ee728b)
Start importing Assets/Prefabs/UiElements using Guid(2aa174e8f162ffd48b21177e78c854dd) Importer(815301076,1909f56bfc062723c751e8b465ee728b)  -> (artifact id: '2584cd049574b6355105a728a0d0ea4d') in 0.013246 seconds 
========================================================================
Received Import Request.
  Time since last request: 17.608937 seconds.
  path: Assets/Scenes/SceneSecondLevel/Level2Scene1.unity
  artifactKey: Guid(4c0d94f8fb4d1934ba5e6e94b169c0b1) Importer(815301076,1909f56bfc062723c751e8b465ee728b)
Start importing Assets/Scenes/SceneSecondLevel/Level2Scene1.unity using Guid(4c0d94f8fb4d1934ba5e6e94b169c0b1) Importer(815301076,1909f56bfc062723c751e8b465ee728b)  -> (artifact id: 'a93ede7b6febbd68378c2f0b60c4e93e') in 0.015157 seconds 
========================================================================
Received Import Request.
  Time since last request: 39.295197 seconds.
  path: Assets/Scenes/SceneFirstLevel/Level1Scene1.unity
  artifactKey: Guid(410ecc2b6ce3bbf4fbb77875bc2723e7) Importer(815301076,1909f56bfc062723c751e8b465ee728b)
Start importing Assets/Scenes/SceneFirstLevel/Level1Scene1.unity using Guid(410ecc2b6ce3bbf4fbb77875bc2723e7) Importer(815301076,1909f56bfc062723c751e8b465ee728b)  -> (artifact id: '17559d79ae7228b55d728d69996c17fd') in 0.013110 seconds 
========================================================================
Received Prepare
Registering precompiled user dll's ...
Registered in 0.003742 seconds.
Begin MonoManager ReloadAssembly
Native extension for WindowsStandalone target not found
Native extension for WebGL target not found
Refreshing native plugins compatible for Editor in 0.97 ms, found 2 plugins.
Preloading 0 native plugins for Editor in 0.00 ms.
Mono: successfully reloaded assembly
- Completed reload, in  1.031 seconds
Platform modules already initialized, skipping
Refreshing native plugins compatible for Editor in 0.84 ms, found 2 plugins.
Preloading 0 native plugins for Editor in 0.00 ms.
Unloading 2156 Unused Serialized files (Serialized files now loaded: 0)
System memory in use before: 101.9 MB.
System memory in use after: 102.0 MB.

Unloading 58 unused Assets to reduce memory usage. Loaded Objects now: 2606.
Total: 3.237700 ms (FindLiveObjects: 0.265600 ms CreateObjectMapping: 0.053700 ms MarkObjects: 2.879000 ms  DeleteObjects: 0.037900 ms)

========================================================================
Received Prepare
Registering precompiled user dll's ...
Registered in 0.003826 seconds.
Begin MonoManager ReloadAssembly
Native extension for WindowsStandalone target not found
Native extension for WebGL target not found
Refreshing native plugins compatible for Editor in 0.84 ms, found 2 plugins.
Preloading 0 native plugins for Editor in 0.00 ms.
Mono: successfully reloaded assembly
- Completed reload, in  0.939 seconds
Platform modules already initialized, skipping
Refreshing native plugins compatible for Editor in 0.89 ms, found 2 plugins.
Preloading 0 native plugins for Editor in 0.00 ms.
Unloading 2156 Unused Serialized files (Serialized files now loaded: 0)
System memory in use before: 101.9 MB.
System memory in use after: 102.0 MB.

Unloading 58 unused Assets to reduce memory usage. Loaded Objects now: 2609.
Total: 3.015200 ms (FindLiveObjects: 0.203300 ms CreateObjectMapping: 0.051400 ms MarkObjects: 2.735000 ms  DeleteObjects: 0.024800 ms)

========================================================================
Received Prepare
Registering precompiled user dll's ...
Registered in 0.003957 seconds.
Begin MonoManager ReloadAssembly
Native extension for WindowsStandalone target not found
Native extension for WebGL target not found
Refreshing native plugins compatible for Editor in 0.85 ms, found 2 plugins.
Preloading 0 native plugins for Editor in 0.00 ms.
Mono: successfully reloaded assembly
- Completed reload, in  0.950 seconds
Platform modules already initialized, skipping
Refreshing native plugins compatible for Editor in 0.85 ms, found 2 plugins.
Preloading 0 native plugins for Editor in 0.00 ms.
Unloading 2156 Unused Serialized files (Serialized files now loaded: 0)
System memory in use before: 101.9 MB.
System memory in use after: 102.1 MB.

Unloading 58 unused Assets to reduce memory usage. Loaded Objects now: 2612.
Total: 2.951600 ms (FindLiveObjects: 0.220300 ms CreateObjectMapping: 0.054400 ms MarkObjects: 2.652600 ms  DeleteObjects: 0.023400 ms)

========================================================================
Received Prepare
Registering precompiled user dll's ...
Registered in 0.004021 seconds.
Begin MonoManager ReloadAssembly
Native extension for WindowsStandalone target not found
Native extension for WebGL target not found
Refreshing native plugins compatible for Editor in 0.83 ms, found 2 plugins.
Preloading 0 native plugins for Editor in 0.00 ms.
Mono: successfully reloaded assembly
- Completed reload, in  0.953 seconds
Platform modules already initialized, skipping
Refreshing native plugins compatible for Editor in 0.87 ms, found 2 plugins.
Preloading 0 native plugins for Editor in 0.00 ms.
Unloading 2156 Unused Serialized files (Serialized files now loaded: 0)
System memory in use before: 102.0 MB.
System memory in use after: 102.1 MB.

Unloading 58 unused Assets to reduce memory usage. Loaded Objects now: 2615.
Total: 3.267900 ms (FindLiveObjects: 0.210100 ms CreateObjectMapping: 0.052900 ms MarkObjects: 2.975400 ms  DeleteObjects: 0.028400 ms)

========================================================================
Received Prepare
Registering precompiled user dll's ...
Registered in 0.003776 seconds.
Begin MonoManager ReloadAssembly
Native extension for WindowsStandalone target not found
Native extension for WebGL target not found
Refreshing native plugins compatible for Editor in 0.86 ms, found 2 plugins.
Preloading 0 native plugins for Editor in 0.00 ms.
Mono: successfully reloaded assembly
- Completed reload, in  0.937 seconds
Platform modules already initialized, skipping
Refreshing native plugins compatible for Editor in 0.84 ms, found 2 plugins.
Preloading 0 native plugins for Editor in 0.00 ms.
Unloading 2156 Unused Serialized files (Serialized files now loaded: 0)
System memory in use before: 102.0 MB.
System memory in use after: 102.1 MB.

Unloading 58 unused Assets to reduce memory usage. Loaded Objects now: 2618.
Total: 2.960000 ms (FindLiveObjects: 0.214600 ms CreateObjectMapping: 0.050800 ms MarkObjects: 2.668700 ms  DeleteObjects: 0.024900 ms)

========================================================================
Received Prepare
Refreshing native plugins compatible for Editor in 13.62 ms, found 2 plugins.
Preloading 0 native plugins for Editor in 0.00 ms.
Unloading 56 Unused Serialized files (Serialized files now loaded: 0)
System memory in use before: 60.3 MB.
System memory in use after: 60.4 MB.

Unloading 55 unused Assets to reduce memory usage. Loaded Objects now: 2618.
Total: 3.265700 ms (FindLiveObjects: 0.247900 ms CreateObjectMapping: 0.054600 ms MarkObjects: 2.929500 ms  DeleteObjects: 0.033000 ms)

========================================================================
Received Prepare
Registering precompiled user dll's ...
Registered in 0.003795 seconds.
Begin MonoManager ReloadAssembly
Native extension for WindowsStandalone target not found
Native extension for WebGL target not found
Refreshing native plugins compatible for Editor in 0.84 ms, found 2 plugins.
Preloading 0 native plugins for Editor in 0.00 ms.
Mono: successfully reloaded assembly
- Completed reload, in  0.958 seconds
Platform modules already initialized, skipping
Refreshing native plugins compatible for Editor in 0.87 ms, found 2 plugins.
Preloading 0 native plugins for Editor in 0.00 ms.
Unloading 2156 Unused Serialized files (Serialized files now loaded: 0)
System memory in use before: 102.0 MB.
System memory in use after: 102.1 MB.

Unloading 58 unused Assets to reduce memory usage. Loaded Objects now: 2621.
Total: 2.968000 ms (FindLiveObjects: 0.205300 ms CreateObjectMapping: 0.049000 ms MarkObjects: 2.688100 ms  DeleteObjects: 0.024900 ms)

========================================================================
Received Prepare
Registering precompiled user dll's ...
Registered in 0.003730 seconds.
Begin MonoManager ReloadAssembly
Native extension for WindowsStandalone target not found
Native extension for WebGL target not found
Refreshing native plugins compatible for Editor in 0.90 ms, found 2 plugins.
Preloading 0 native plugins for Editor in 0.00 ms.
Mono: successfully reloaded assembly
- Completed reload, in  0.957 seconds
Platform modules already initialized, skipping
Refreshing native plugins compatible for Editor in 0.94 ms, found 2 plugins.
Preloading 0 native plugins for Editor in 0.00 ms.
Unloading 2156 Unused Serialized files (Serialized files now loaded: 0)
System memory in use before: 102.0 MB.
System memory in use after: 102.1 MB.

Unloading 58 unused Assets to reduce memory usage. Loaded Objects now: 2624.
Total: 2.999700 ms (FindLiveObjects: 0.204300 ms CreateObjectMapping: 0.052400 ms MarkObjects: 2.711000 ms  DeleteObjects: 0.031200 ms)

========================================================================
Received Prepare
Registering precompiled user dll's ...
Registered in 0.004759 seconds.
Begin MonoManager ReloadAssembly
Native extension for WindowsStandalone target not found
Native extension for WebGL target not found
Refreshing native plugins compatible for Editor in 0.84 ms, found 2 plugins.
Preloading 0 native plugins for Editor in 0.00 ms.
Mono: successfully reloaded assembly
- Completed reload, in  0.950 seconds
Platform modules already initialized, skipping
Refreshing native plugins compatible for Editor in 0.85 ms, found 2 plugins.
Preloading 0 native plugins for Editor in 0.00 ms.
Unloading 2156 Unused Serialized files (Serialized files now loaded: 0)
System memory in use before: 102.0 MB.
System memory in use after: 102.1 MB.

Unloading 58 unused Assets to reduce memory usage. Loaded Objects now: 2627.
Total: 3.023700 ms (FindLiveObjects: 0.203400 ms CreateObjectMapping: 0.052900 ms MarkObjects: 2.735100 ms  DeleteObjects: 0.031200 ms)

========================================================================
Received Import Request.
  Time since last request: 964.044830 seconds.
  path: Assets/Scenes/SceneFirstLevel/Level1Scene2.unity
  artifactKey: Guid(e11ffadb790f82a4ca056f5e0c539b55) Importer(815301076,1909f56bfc062723c751e8b465ee728b)
Start importing Assets/Scenes/SceneFirstLevel/Level1Scene2.unity using Guid(e11ffadb790f82a4ca056f5e0c539b55) Importer(815301076,1909f56bfc062723c751e8b465ee728b)  -> (artifact id: '9198888459a5fda63855c7be765a845a') in 0.027883 seconds 
========================================================================
Received Import Request.
  Time since last request: 56.101829 seconds.
  path: Assets/Scenes/SceneFirstLevel/Level1Scene1.unity
  artifactKey: Guid(410ecc2b6ce3bbf4fbb77875bc2723e7) Importer(815301076,1909f56bfc062723c751e8b465ee728b)
Start importing Assets/Scenes/SceneFirstLevel/Level1Scene1.unity using Guid(410ecc2b6ce3bbf4fbb77875bc2723e7) Importer(815301076,1909f56bfc062723c751e8b465ee728b)  -> (artifact id: '927653e745ce2ef7bb01430499dd99f5') in 0.002555 seconds 
========================================================================
Received Prepare
Registering precompiled user dll's ...
Registered in 0.003842 seconds.
Begin MonoManager ReloadAssembly
Native extension for WindowsStandalone target not found
Native extension for WebGL target not found
Refreshing native plugins compatible for Editor in 0.86 ms, found 2 plugins.
Preloading 0 native plugins for Editor in 0.00 ms.
Mono: successfully reloaded assembly
- Completed reload, in  0.943 seconds
Platform modules already initialized, skipping
Refreshing native plugins compatible for Editor in 0.88 ms, found 2 plugins.
Preloading 0 native plugins for Editor in 0.00 ms.
Unloading 2156 Unused Serialized files (Serialized files now loaded: 0)
System memory in use before: 102.0 MB.
System memory in use after: 102.2 MB.

Unloading 58 unused Assets to reduce memory usage. Loaded Objects now: 2630.
Total: 3.030300 ms (FindLiveObjects: 0.204800 ms CreateObjectMapping: 0.052200 ms MarkObjects: 2.742800 ms  DeleteObjects: 0.029700 ms)

========================================================================
Received Prepare
Registering precompiled user dll's ...
Registered in 0.003728 seconds.
Begin MonoManager ReloadAssembly
Native extension for WindowsStandalone target not found
Native extension for WebGL target not found
Refreshing native plugins compatible for Editor in 0.84 ms, found 2 plugins.
Preloading 0 native plugins for Editor in 0.00 ms.
Mono: successfully reloaded assembly
- Completed reload, in  0.934 seconds
Platform modules already initialized, skipping
Refreshing native plugins compatible for Editor in 0.83 ms, found 2 plugins.
Preloading 0 native plugins for Editor in 0.00 ms.
Unloading 2156 Unused Serialized files (Serialized files now loaded: 0)
System memory in use before: 102.1 MB.
System memory in use after: 102.2 MB.

Unloading 58 unused Assets to reduce memory usage. Loaded Objects now: 2633.
Total: 3.506300 ms (FindLiveObjects: 0.217400 ms CreateObjectMapping: 0.054600 ms MarkObjects: 3.197500 ms  DeleteObjects: 0.035700 ms)

========================================================================
Received Import Request.
  Time since last request: 189.142307 seconds.
  path: Assets/Scenes/SceneFirstLevel/Level1Scene2.unity
  artifactKey: Guid(e11ffadb790f82a4ca056f5e0c539b55) Importer(815301076,1909f56bfc062723c751e8b465ee728b)
Start importing Assets/Scenes/SceneFirstLevel/Level1Scene2.unity using Guid(e11ffadb790f82a4ca056f5e0c539b55) Importer(815301076,1909f56bfc062723c751e8b465ee728b)  -> (artifact id: 'be91e25678c8061d21187141515f56c2') in 0.012067 seconds 
========================================================================
Received Prepare
Registering precompiled user dll's ...
Registered in 0.003897 seconds.
Begin MonoManager ReloadAssembly
Native extension for WindowsStandalone target not found
Native extension for WebGL target not found
Refreshing native plugins compatible for Editor in 0.83 ms, found 2 plugins.
Preloading 0 native plugins for Editor in 0.00 ms.
Mono: successfully reloaded assembly
- Completed reload, in  0.937 seconds
Platform modules already initialized, skipping
Refreshing native plugins compatible for Editor in 0.88 ms, found 2 plugins.
Preloading 0 native plugins for Editor in 0.00 ms.
Unloading 2156 Unused Serialized files (Serialized files now loaded: 0)
System memory in use before: 102.1 MB.
System memory in use after: 102.2 MB.

Unloading 58 unused Assets to reduce memory usage. Loaded Objects now: 2636.
Total: 2.986900 ms (FindLiveObjects: 0.205400 ms CreateObjectMapping: 0.052900 ms MarkObjects: 2.699700 ms  DeleteObjects: 0.028000 ms)

========================================================================
Received Import Request.
  Time since last request: 53.927591 seconds.
  path: Assets/Scenes/SceneFirstLevel/Level1Scene2.unity
  artifactKey: Guid(e11ffadb790f82a4ca056f5e0c539b55) Importer(815301076,1909f56bfc062723c751e8b465ee728b)
Start importing Assets/Scenes/SceneFirstLevel/Level1Scene2.unity using Guid(e11ffadb790f82a4ca056f5e0c539b55) Importer(815301076,1909f56bfc062723c751e8b465ee728b)  -> (artifact id: '03194b5a7f16131546a68a4681b8fed0') in 0.011244 seconds 
========================================================================
Received Prepare
Registering precompiled user dll's ...
Registered in 0.003742 seconds.
Begin MonoManager ReloadAssembly
Native extension for WindowsStandalone target not found
Native extension for WebGL target not found
Refreshing native plugins compatible for Editor in 0.85 ms, found 2 plugins.
Preloading 0 native plugins for Editor in 0.00 ms.
Mono: successfully reloaded assembly
- Completed reload, in  0.945 seconds
Platform modules already initialized, skipping
Refreshing native plugins compatible for Editor in 0.85 ms, found 2 plugins.
Preloading 0 native plugins for Editor in 0.00 ms.
Unloading 2156 Unused Serialized files (Serialized files now loaded: 0)
System memory in use before: 102.1 MB.
System memory in use after: 102.2 MB.

Unloading 58 unused Assets to reduce memory usage. Loaded Objects now: 2639.
Total: 3.465500 ms (FindLiveObjects: 0.217800 ms CreateObjectMapping: 0.057200 ms MarkObjects: 3.151100 ms  DeleteObjects: 0.038300 ms)

========================================================================
Received Import Request.
  Time since last request: 9.333394 seconds.
  path: Assets/Scenes/SceneFirstLevel/Level2Scene2.unity
  artifactKey: Guid(e11ffadb790f82a4ca056f5e0c539b55) Importer(815301076,1909f56bfc062723c751e8b465ee728b)
Start importing Assets/Scenes/SceneFirstLevel/Level2Scene2.unity using Guid(e11ffadb790f82a4ca056f5e0c539b55) Importer(815301076,1909f56bfc062723c751e8b465ee728b)  -> (artifact id: '4c0c947871afff104975d5a0c9202359') in 0.021624 seconds 
========================================================================
Received Import Request.
  Time since last request: 19.458288 seconds.
  path: Assets/Scenes/SceneFirstLevel/Level1Scene2.unity
  artifactKey: Guid(410ecc2b6ce3bbf4fbb77875bc2723e7) Importer(815301076,1909f56bfc062723c751e8b465ee728b)
Start importing Assets/Scenes/SceneFirstLevel/Level1Scene2.unity using Guid(410ecc2b6ce3bbf4fbb77875bc2723e7) Importer(815301076,1909f56bfc062723c751e8b465ee728b)  -> (artifact id: '155c01ec97a8563b5a139a6832cbc358') in 0.002731 seconds 
========================================================================
Received Import Request.
  Time since last request: 59.357303 seconds.
  path: Assets/Scenes/SceneSecondLevel/Level2Scene1.unity
  artifactKey: Guid(4c0d94f8fb4d1934ba5e6e94b169c0b1) Importer(815301076,1909f56bfc062723c751e8b465ee728b)
Start importing Assets/Scenes/SceneSecondLevel/Level2Scene1.unity using Guid(4c0d94f8fb4d1934ba5e6e94b169c0b1) Importer(815301076,1909f56bfc062723c751e8b465ee728b)  -> (artifact id: '5e8870ca0ce49d7f82a0561b94670972') in 0.002543 seconds 
========================================================================
Received Import Request.
  Time since last request: 268.121977 seconds.
  path: Assets/Scenes/SceneFirstLevel/Level1Scene2.unity
  artifactKey: Guid(410ecc2b6ce3bbf4fbb77875bc2723e7) Importer(815301076,1909f56bfc062723c751e8b465ee728b)
Start importing Assets/Scenes/SceneFirstLevel/Level1Scene2.unity using Guid(410ecc2b6ce3bbf4fbb77875bc2723e7) Importer(815301076,1909f56bfc062723c751e8b465ee728b)  -> (artifact id: 'b241f8b60e00c0f83d3f82dbdb30c989') in 0.002946 seconds 
========================================================================
Received Import Request.
  Time since last request: 9.813612 seconds.
  path: Assets/Scenes/SceneFirstLevel/Level1Scene1.unity
  artifactKey: Guid(698eee4c467f9ae49b6c3c456cf21a1c) Importer(815301076,1909f56bfc062723c751e8b465ee728b)
Start importing Assets/Scenes/SceneFirstLevel/Level1Scene1.unity using Guid(698eee4c467f9ae49b6c3c456cf21a1c) Importer(815301076,1909f56bfc062723c751e8b465ee728b)  -> (artifact id: '6cb07896fb6a854b07c0a79339703d13') in 0.002580 seconds 
========================================================================
Received Import Request.
  Time since last request: 445.876588 seconds.
  path: Assets/Scenes/SceneFirstLevel/Level1Scene1.unity
  artifactKey: Guid(698eee4c467f9ae49b6c3c456cf21a1c) Importer(815301076,1909f56bfc062723c751e8b465ee728b)
Start importing Assets/Scenes/SceneFirstLevel/Level1Scene1.unity using Guid(698eee4c467f9ae49b6c3c456cf21a1c) Importer(815301076,1909f56bfc062723c751e8b465ee728b)  -> (artifact id: '2e757a7f7c69d53c3dba8190f3818285') in 0.003157 seconds 
========================================================================
Received Import Request.
  Time since last request: 152.826490 seconds.
  path: Assets/Scenes/SceneFirstLevel/Level1Scene3.unity
  artifactKey: Guid(b37ce0d2b07f0f8429dbcf9adb8e8635) Importer(815301076,1909f56bfc062723c751e8b465ee728b)
Start importing Assets/Scenes/SceneFirstLevel/Level1Scene3.unity using Guid(b37ce0d2b07f0f8429dbcf9adb8e8635) Importer(815301076,1909f56bfc062723c751e8b465ee728b)  -> (artifact id: '91c11358032ef6d679f95d2d06905f7e') in 0.014648 seconds 
========================================================================
Received Import Request.
  Time since last request: 12.360619 seconds.
  path: Assets/Scenes/SceneSecondLevel/Level2Scene2.unity
  artifactKey: Guid(e11ffadb790f82a4ca056f5e0c539b55) Importer(815301076,1909f56bfc062723c751e8b465ee728b)
Start importing Assets/Scenes/SceneSecondLevel/Level2Scene2.unity using Guid(e11ffadb790f82a4ca056f5e0c539b55) Importer(815301076,1909f56bfc062723c751e8b465ee728b)  -> (artifact id: '3f2672670dcefc120674673a0e3acebd') in 0.003273 seconds 
========================================================================
Received Import Request.
  Time since last request: 150.789847 seconds.
  path: Assets/Scenes/SceneSecondLevel
  artifactKey: Guid(e3d65ba6e4ee8ac49a2983fd391da811) Importer(815301076,1909f56bfc062723c751e8b465ee728b)
Start importing Assets/Scenes/SceneSecondLevel using Guid(e3d65ba6e4ee8ac49a2983fd391da811) Importer(815301076,1909f56bfc062723c751e8b465ee728b)  -> (artifact id: '3a3dedee2274086b480d8552f3d77a7c') in 0.013322 seconds 
========================================================================
Received Import Request.
  Time since last request: 16.535995 seconds.
  path: Assets/Scenes/SceneSecondLevel/Level2Scene3.unity
  artifactKey: Guid(be3599bd363b02f458dabc9eb0721fda) Importer(815301076,1909f56bfc062723c751e8b465ee728b)
Start importing Assets/Scenes/SceneSecondLevel/Level2Scene3.unity using Guid(be3599bd363b02f458dabc9eb0721fda) Importer(815301076,1909f56bfc062723c751e8b465ee728b)  -> (artifact id: 'd4e5d9119abc78c3fb135ad37fad72a2') in 0.013265 seconds 
========================================================================
Received Import Request.
  Time since last request: 1064.970649 seconds.
  path: Assets/Scenes/SceneFirstLevel/Level1Scene1.unity
  artifactKey: Guid(698eee4c467f9ae49b6c3c456cf21a1c) Importer(815301076,1909f56bfc062723c751e8b465ee728b)
Start importing Assets/Scenes/SceneFirstLevel/Level1Scene1.unity using Guid(698eee4c467f9ae49b6c3c456cf21a1c) Importer(815301076,1909f56bfc062723c751e8b465ee728b)  -> (artifact id: '0c857e10f33f1837f01ebb3252a83056') in 0.002742 seconds 
========================================================================
Received Prepare
Registering precompiled user dll's ...
Registered in 0.003841 seconds.
Begin MonoManager ReloadAssembly
Native extension for WindowsStandalone target not found
Native extension for WebGL target not found
Refreshing native plugins compatible for Editor in 0.84 ms, found 2 plugins.
Preloading 0 native plugins for Editor in 0.00 ms.
Mono: successfully reloaded assembly
- Completed reload, in  0.953 seconds
Platform modules already initialized, skipping
Refreshing native plugins compatible for Editor in 0.86 ms, found 2 plugins.
Preloading 0 native plugins for Editor in 0.00 ms.
Unloading 2156 Unused Serialized files (Serialized files now loaded: 0)
System memory in use before: 102.2 MB.
System memory in use after: 102.3 MB.

Unloading 58 unused Assets to reduce memory usage. Loaded Objects now: 2642.
Total: 3.101100 ms (FindLiveObjects: 0.215000 ms CreateObjectMapping: 0.060100 ms MarkObjects: 2.801500 ms  DeleteObjects: 0.023800 ms)

========================================================================
Received Prepare
Registering precompiled user dll's ...
Registered in 0.003837 seconds.
Begin MonoManager ReloadAssembly
Native extension for WindowsStandalone target not found
Native extension for WebGL target not found
Refreshing native plugins compatible for Editor in 0.84 ms, found 2 plugins.
Preloading 0 native plugins for Editor in 0.00 ms.
Mono: successfully reloaded assembly
- Completed reload, in  0.962 seconds
Platform modules already initialized, skipping
Refreshing native plugins compatible for Editor in 0.87 ms, found 2 plugins.
Preloading 0 native plugins for Editor in 0.00 ms.
Unloading 2156 Unused Serialized files (Serialized files now loaded: 0)
System memory in use before: 102.2 MB.
System memory in use after: 102.3 MB.

Unloading 58 unused Assets to reduce memory usage. Loaded Objects now: 2645.
Total: 2.975500 ms (FindLiveObjects: 0.214300 ms CreateObjectMapping: 0.053000 ms MarkObjects: 2.678200 ms  DeleteObjects: 0.028400 ms)

========================================================================
Received Prepare
Registering precompiled user dll's ...
Registered in 0.004043 seconds.
Begin MonoManager ReloadAssembly
Native extension for WindowsStandalone target not found
Native extension for WebGL target not found
Refreshing native plugins compatible for Editor in 0.85 ms, found 2 plugins.
Preloading 0 native plugins for Editor in 0.00 ms.
Mono: successfully reloaded assembly
- Completed reload, in  0.981 seconds
Platform modules already initialized, skipping
Refreshing native plugins compatible for Editor in 0.88 ms, found 2 plugins.
Preloading 0 native plugins for Editor in 0.00 ms.
Unloading 2156 Unused Serialized files (Serialized files now loaded: 0)
System memory in use before: 102.2 MB.
System memory in use after: 102.3 MB.

Unloading 58 unused Assets to reduce memory usage. Loaded Objects now: 2648.
Total: 3.052000 ms (FindLiveObjects: 0.210800 ms CreateObjectMapping: 0.052600 ms MarkObjects: 2.752300 ms  DeleteObjects: 0.035100 ms)

========================================================================
Received Prepare
Registering precompiled user dll's ...
Registered in 0.004556 seconds.
Begin MonoManager ReloadAssembly
Native extension for WindowsStandalone target not found
Native extension for WebGL target not found
Refreshing native plugins compatible for Editor in 0.88 ms, found 2 plugins.
Preloading 0 native plugins for Editor in 0.00 ms.
Mono: successfully reloaded assembly
- Completed reload, in  0.961 seconds
Platform modules already initialized, skipping
Refreshing native plugins compatible for Editor in 0.85 ms, found 2 plugins.
Preloading 0 native plugins for Editor in 0.00 ms.
Unloading 2156 Unused Serialized files (Serialized files now loaded: 0)
System memory in use before: 102.2 MB.
System memory in use after: 102.4 MB.

Unloading 58 unused Assets to reduce memory usage. Loaded Objects now: 2651.
Total: 3.211000 ms (FindLiveObjects: 0.212900 ms CreateObjectMapping: 0.054100 ms MarkObjects: 2.914400 ms  DeleteObjects: 0.028300 ms)

========================================================================
Received Prepare
Registering precompiled user dll's ...
Registered in 0.003919 seconds.
Begin MonoManager ReloadAssembly
Native extension for WindowsStandalone target not found
Native extension for WebGL target not found
Refreshing native plugins compatible for Editor in 0.86 ms, found 2 plugins.
Preloading 0 native plugins for Editor in 0.00 ms.
Mono: successfully reloaded assembly
- Completed reload, in  0.957 seconds
Platform modules already initialized, skipping
Refreshing native plugins compatible for Editor in 0.92 ms, found 2 plugins.
Preloading 0 native plugins for Editor in 0.00 ms.
Unloading 2156 Unused Serialized files (Serialized files now loaded: 0)
System memory in use before: 102.3 MB.
System memory in use after: 102.4 MB.

Unloading 58 unused Assets to reduce memory usage. Loaded Objects now: 2654.
Total: 3.010500 ms (FindLiveObjects: 0.217600 ms CreateObjectMapping: 0.052700 ms MarkObjects: 2.710400 ms  DeleteObjects: 0.029000 ms)

========================================================================
Received Prepare
Registering precompiled user dll's ...
Registered in 0.003876 seconds.
Begin MonoManager ReloadAssembly
Native extension for WindowsStandalone target not found
Native extension for WebGL target not found
Refreshing native plugins compatible for Editor in 0.86 ms, found 2 plugins.
Preloading 0 native plugins for Editor in 0.00 ms.
Mono: successfully reloaded assembly
- Completed reload, in  0.968 seconds
Platform modules already initialized, skipping
Refreshing native plugins compatible for Editor in 0.86 ms, found 2 plugins.
Preloading 0 native plugins for Editor in 0.00 ms.
Unloading 2156 Unused Serialized files (Serialized files now loaded: 0)
System memory in use before: 102.3 MB.
System memory in use after: 102.4 MB.

Unloading 58 unused Assets to reduce memory usage. Loaded Objects now: 2657.
Total: 3.147300 ms (FindLiveObjects: 0.232400 ms CreateObjectMapping: 0.054200 ms MarkObjects: 2.832100 ms  DeleteObjects: 0.027900 ms)

========================================================================
Received Prepare
Registering precompiled user dll's ...
Registered in 0.003709 seconds.
Begin MonoManager ReloadAssembly
Native extension for WindowsStandalone target not found
Native extension for WebGL target not found
Refreshing native plugins compatible for Editor in 0.85 ms, found 2 plugins.
Preloading 0 native plugins for Editor in 0.00 ms.
Mono: successfully reloaded assembly
- Completed reload, in  0.967 seconds
Platform modules already initialized, skipping
Refreshing native plugins compatible for Editor in 0.87 ms, found 2 plugins.
Preloading 0 native plugins for Editor in 0.00 ms.
Unloading 2156 Unused Serialized files (Serialized files now loaded: 0)
System memory in use before: 102.3 MB.
System memory in use after: 102.4 MB.

Unloading 58 unused Assets to reduce memory usage. Loaded Objects now: 2660.
Total: 3.035900 ms (FindLiveObjects: 0.235300 ms CreateObjectMapping: 0.053700 ms MarkObjects: 2.716400 ms  DeleteObjects: 0.029600 ms)

========================================================================
Received Import Request.
  Time since last request: 662.015828 seconds.
  path: Assets/Scenes/MainMenuScene.unity
  artifactKey: Guid(e0d355afd855db4409ba8c795004396f) Importer(815301076,1909f56bfc062723c751e8b465ee728b)
Start importing Assets/Scenes/MainMenuScene.unity using Guid(e0d355afd855db4409ba8c795004396f) Importer(815301076,1909f56bfc062723c751e8b465ee728b)  -> (artifact id: '9449779d09644a17376e64a3357febbd') in 0.027280 seconds 
========================================================================
Received Import Request.
  Time since last request: 20.369327 seconds.
  path: Assets/Scenes/SceneSecondLevel/Level2Scene3.unity
  artifactKey: Guid(be3599bd363b02f458dabc9eb0721fda) Importer(815301076,1909f56bfc062723c751e8b465ee728b)
Start importing Assets/Scenes/SceneSecondLevel/Level2Scene3.unity using Guid(be3599bd363b02f458dabc9eb0721fda) Importer(815301076,1909f56bfc062723c751e8b465ee728b)  -> (artifact id: 'd59206d11a98c5c6f4225517617e37fb') in 0.002903 seconds 
========================================================================
Received Prepare
Registering precompiled user dll's ...
Registered in 0.003693 seconds.
Begin MonoManager ReloadAssembly
Native extension for WindowsStandalone target not found
Native extension for WebGL target not found
Refreshing native plugins compatible for Editor in 0.84 ms, found 2 plugins.
Preloading 0 native plugins for Editor in 0.00 ms.
Mono: successfully reloaded assembly
- Completed reload, in  0.936 seconds
Platform modules already initialized, skipping
Refreshing native plugins compatible for Editor in 0.89 ms, found 2 plugins.
Preloading 0 native plugins for Editor in 0.00 ms.
Unloading 2156 Unused Serialized files (Serialized files now loaded: 0)
System memory in use before: 102.3 MB.
System memory in use after: 102.4 MB.

Unloading 58 unused Assets to reduce memory usage. Loaded Objects now: 2663.
Total: 3.495300 ms (FindLiveObjects: 0.226200 ms CreateObjectMapping: 0.051200 ms MarkObjects: 3.180600 ms  DeleteObjects: 0.036100 ms)

========================================================================
Received Prepare
Registering precompiled user dll's ...
Registered in 0.003543 seconds.
Begin MonoManager ReloadAssembly
Native extension for WindowsStandalone target not found
Native extension for WebGL target not found
Refreshing native plugins compatible for Editor in 0.84 ms, found 2 plugins.
Preloading 0 native plugins for Editor in 0.00 ms.
Mono: successfully reloaded assembly
- Completed reload, in  0.952 seconds
Platform modules already initialized, skipping
Refreshing native plugins compatible for Editor in 0.86 ms, found 2 plugins.
Preloading 0 native plugins for Editor in 0.00 ms.
Unloading 2156 Unused Serialized files (Serialized files now loaded: 0)
System memory in use before: 102.3 MB.
System memory in use after: 102.4 MB.

Unloading 58 unused Assets to reduce memory usage. Loaded Objects now: 2666.
Total: 3.140700 ms (FindLiveObjects: 0.214900 ms CreateObjectMapping: 0.069700 ms MarkObjects: 2.830100 ms  DeleteObjects: 0.025100 ms)

========================================================================
Received Prepare
Registering precompiled user dll's ...
Registered in 0.003713 seconds.
Begin MonoManager ReloadAssembly
Native extension for WindowsStandalone target not found
Native extension for WebGL target not found
Refreshing native plugins compatible for Editor in 1.07 ms, found 2 plugins.
Preloading 0 native plugins for Editor in 0.00 ms.
Mono: successfully reloaded assembly
- Completed reload, in  0.946 seconds
Platform modules already initialized, skipping
Refreshing native plugins compatible for Editor in 0.86 ms, found 2 plugins.
Preloading 0 native plugins for Editor in 0.00 ms.
Unloading 2156 Unused Serialized files (Serialized files now loaded: 0)
System memory in use before: 102.3 MB.
System memory in use after: 102.5 MB.

Unloading 58 unused Assets to reduce memory usage. Loaded Objects now: 2669.
Total: 3.008700 ms (FindLiveObjects: 0.207200 ms CreateObjectMapping: 0.054600 ms MarkObjects: 2.723600 ms  DeleteObjects: 0.022600 ms)

========================================================================
Received Prepare
Registering precompiled user dll's ...
Registered in 0.003741 seconds.
Begin MonoManager ReloadAssembly
Native extension for WindowsStandalone target not found
Native extension for WebGL target not found
Refreshing native plugins compatible for Editor in 0.87 ms, found 2 plugins.
Preloading 0 native plugins for Editor in 0.00 ms.
Mono: successfully reloaded assembly
- Completed reload, in  0.950 seconds
Platform modules already initialized, skipping
Refreshing native plugins compatible for Editor in 0.84 ms, found 2 plugins.
Preloading 0 native plugins for Editor in 0.00 ms.
Unloading 2156 Unused Serialized files (Serialized files now loaded: 0)
System memory in use before: 102.4 MB.
System memory in use after: 102.6 MB.

Unloading 58 unused Assets to reduce memory usage. Loaded Objects now: 2672.
Total: 3.095500 ms (FindLiveObjects: 0.228000 ms CreateObjectMapping: 0.050200 ms MarkObjects: 2.791500 ms  DeleteObjects: 0.025200 ms)

========================================================================
Received Prepare
Registering precompiled user dll's ...
Registered in 0.003630 seconds.
Begin MonoManager ReloadAssembly
Native extension for WindowsStandalone target not found
Native extension for WebGL target not found
Refreshing native plugins compatible for Editor in 0.85 ms, found 2 plugins.
Preloading 0 native plugins for Editor in 0.00 ms.
Mono: successfully reloaded assembly
- Completed reload, in  0.935 seconds
Platform modules already initialized, skipping
Refreshing native plugins compatible for Editor in 0.89 ms, found 2 plugins.
Preloading 0 native plugins for Editor in 0.00 ms.
Unloading 2156 Unused Serialized files (Serialized files now loaded: 0)
System memory in use before: 102.5 MB.
System memory in use after: 102.6 MB.

Unloading 58 unused Assets to reduce memory usage. Loaded Objects now: 2675.
Total: 3.120500 ms (FindLiveObjects: 0.251900 ms CreateObjectMapping: 0.063000 ms MarkObjects: 2.776300 ms  DeleteObjects: 0.028100 ms)

========================================================================
Received Prepare
Registering precompiled user dll's ...
Registered in 0.003709 seconds.
Begin MonoManager ReloadAssembly
Native extension for WindowsStandalone target not found
Native extension for WebGL target not found
Refreshing native plugins compatible for Editor in 0.85 ms, found 2 plugins.
Preloading 0 native plugins for Editor in 0.00 ms.
Mono: successfully reloaded assembly
- Completed reload, in  0.941 seconds
Platform modules already initialized, skipping
Refreshing native plugins compatible for Editor in 0.88 ms, found 2 plugins.
Preloading 0 native plugins for Editor in 0.00 ms.
Unloading 2156 Unused Serialized files (Serialized files now loaded: 0)
System memory in use before: 102.5 MB.
System memory in use after: 102.7 MB.

Unloading 58 unused Assets to reduce memory usage. Loaded Objects now: 2678.
Total: 3.121000 ms (FindLiveObjects: 0.229300 ms CreateObjectMapping: 0.058500 ms MarkObjects: 2.801200 ms  DeleteObjects: 0.031100 ms)

========================================================================
Received Prepare
Registering precompiled user dll's ...
Registered in 0.003857 seconds.
Begin MonoManager ReloadAssembly
Native extension for WindowsStandalone target not found
Native extension for WebGL target not found
Refreshing native plugins compatible for Editor in 0.85 ms, found 2 plugins.
Preloading 0 native plugins for Editor in 0.00 ms.
Mono: successfully reloaded assembly
- Completed reload, in  0.929 seconds
Platform modules already initialized, skipping
Refreshing native plugins compatible for Editor in 0.90 ms, found 2 plugins.
Preloading 0 native plugins for Editor in 0.00 ms.
Unloading 2156 Unused Serialized files (Serialized files now loaded: 0)
System memory in use before: 102.5 MB.
System memory in use after: 102.7 MB.

Unloading 58 unused Assets to reduce memory usage. Loaded Objects now: 2681.
Total: 3.049000 ms (FindLiveObjects: 0.243400 ms CreateObjectMapping: 0.059200 ms MarkObjects: 2.716900 ms  DeleteObjects: 0.028500 ms)

========================================================================
Received Prepare
Registering precompiled user dll's ...
Registered in 0.003686 seconds.
Begin MonoManager ReloadAssembly
Native extension for WindowsStandalone target not found
Native extension for WebGL target not found
Refreshing native plugins compatible for Editor in 0.85 ms, found 2 plugins.
Preloading 0 native plugins for Editor in 0.00 ms.
Mono: successfully reloaded assembly
- Completed reload, in  0.945 seconds
Platform modules already initialized, skipping
Refreshing native plugins compatible for Editor in 0.84 ms, found 2 plugins.
Preloading 0 native plugins for Editor in 0.00 ms.
Unloading 2156 Unused Serialized files (Serialized files now loaded: 0)
System memory in use before: 102.5 MB.
System memory in use after: 102.7 MB.

Unloading 58 unused Assets to reduce memory usage. Loaded Objects now: 2684.
Total: 3.307400 ms (FindLiveObjects: 0.235300 ms CreateObjectMapping: 0.066600 ms MarkObjects: 2.972300 ms  DeleteObjects: 0.032300 ms)

========================================================================
Received Prepare
Registering precompiled user dll's ...
Registered in 0.003873 seconds.
Begin MonoManager ReloadAssembly
Native extension for WindowsStandalone target not found
Native extension for WebGL target not found
Refreshing native plugins compatible for Editor in 0.85 ms, found 2 plugins.
Preloading 0 native plugins for Editor in 0.00 ms.
Mono: successfully reloaded assembly
- Completed reload, in  0.930 seconds
Platform modules already initialized, skipping
Refreshing native plugins compatible for Editor in 0.85 ms, found 2 plugins.
Preloading 0 native plugins for Editor in 0.00 ms.
Unloading 2156 Unused Serialized files (Serialized files now loaded: 0)
System memory in use before: 102.5 MB.
System memory in use after: 102.7 MB.

Unloading 58 unused Assets to reduce memory usage. Loaded Objects now: 2687.
Total: 3.409700 ms (FindLiveObjects: 0.215300 ms CreateObjectMapping: 0.055400 ms MarkObjects: 3.112900 ms  DeleteObjects: 0.025300 ms)

========================================================================
Received Import Request.
  Time since last request: 648.736093 seconds.
  path: Assets/Scenes/SceneSecondLevel/Level2Scene2.unity
  artifactKey: Guid(e11ffadb790f82a4ca056f5e0c539b55) Importer(815301076,1909f56bfc062723c751e8b465ee728b)
Start importing Assets/Scenes/SceneSecondLevel/Level2Scene2.unity using Guid(e11ffadb790f82a4ca056f5e0c539b55) Importer(815301076,1909f56bfc062723c751e8b465ee728b)  -> (artifact id: 'cecdf133dc255c1a4cfb314de9a131cd') in 0.017345 seconds 
========================================================================
Received Import Request.
  Time since last request: 9.526236 seconds.
  path: Assets/Scenes/SceneSecondLevel/Level2Scene3.unity
  artifactKey: Guid(be3599bd363b02f458dabc9eb0721fda) Importer(815301076,1909f56bfc062723c751e8b465ee728b)
Start importing Assets/Scenes/SceneSecondLevel/Level2Scene3.unity using Guid(be3599bd363b02f458dabc9eb0721fda) Importer(815301076,1909f56bfc062723c751e8b465ee728b)  -> (artifact id: '9da2098bce2a5e93e11c02117a9bbd5a') in 0.003080 seconds 
========================================================================
Received Import Request.
  Time since last request: 6.312652 seconds.
  path: Assets/Scenes/SceneFirstLevel/Level1Scene1.unity
  artifactKey: Guid(698eee4c467f9ae49b6c3c456cf21a1c) Importer(815301076,1909f56bfc062723c751e8b465ee728b)
Start importing Assets/Scenes/SceneFirstLevel/Level1Scene1.unity using Guid(698eee4c467f9ae49b6c3c456cf21a1c) Importer(815301076,1909f56bfc062723c751e8b465ee728b)  -> (artifact id: 'bb774b79014658ee4d1cfc83ca2bbf82') in 0.002858 seconds 
========================================================================
Received Prepare
Registering precompiled user dll's ...
Registered in 0.003706 seconds.
Begin MonoManager ReloadAssembly
Native extension for WindowsStandalone target not found
Native extension for WebGL target not found
Refreshing native plugins compatible for Editor in 0.85 ms, found 2 plugins.
Preloading 0 native plugins for Editor in 0.00 ms.
Mono: successfully reloaded assembly
- Completed reload, in  0.935 seconds
Platform modules already initialized, skipping
Refreshing native plugins compatible for Editor in 0.85 ms, found 2 plugins.
Preloading 0 native plugins for Editor in 0.00 ms.
Unloading 2156 Unused Serialized files (Serialized files now loaded: 0)
System memory in use before: 102.6 MB.
System memory in use after: 102.8 MB.

Unloading 58 unused Assets to reduce memory usage. Loaded Objects now: 2690.
Total: 3.098700 ms (FindLiveObjects: 0.232000 ms CreateObjectMapping: 0.064000 ms MarkObjects: 2.773300 ms  DeleteObjects: 0.028600 ms)

========================================================================
Received Prepare
Registering precompiled user dll's ...
Registered in 0.003750 seconds.
Begin MonoManager ReloadAssembly
Native extension for WindowsStandalone target not found
Native extension for WebGL target not found
Refreshing native plugins compatible for Editor in 0.84 ms, found 2 plugins.
Preloading 0 native plugins for Editor in 0.00 ms.
Mono: successfully reloaded assembly
- Completed reload, in  0.949 seconds
Platform modules already initialized, skipping
Refreshing native plugins compatible for Editor in 0.89 ms, found 2 plugins.
Preloading 0 native plugins for Editor in 0.00 ms.
Unloading 2156 Unused Serialized files (Serialized files now loaded: 0)
System memory in use before: 102.6 MB.
System memory in use after: 102.8 MB.

Unloading 58 unused Assets to reduce memory usage. Loaded Objects now: 2693.
Total: 3.253100 ms (FindLiveObjects: 0.232800 ms CreateObjectMapping: 0.062100 ms MarkObjects: 2.926200 ms  DeleteObjects: 0.031100 ms)

========================================================================
Received Import Request.
  Time since last request: 247.869819 seconds.
  path: Assets/Scenes/SceneSecondLevel/Level2Scene3.unity
  artifactKey: Guid(be3599bd363b02f458dabc9eb0721fda) Importer(815301076,1909f56bfc062723c751e8b465ee728b)
Start importing Assets/Scenes/SceneSecondLevel/Level2Scene3.unity using Guid(be3599bd363b02f458dabc9eb0721fda) Importer(815301076,1909f56bfc062723c751e8b465ee728b)  -> (artifact id: '7ebbad5e4a9314848130153a442c9da6') in 0.012793 seconds 
========================================================================
Received Prepare
Registering precompiled user dll's ...
Registered in 0.003771 seconds.
Begin MonoManager ReloadAssembly
Native extension for WindowsStandalone target not found
Native extension for WebGL target not found
Refreshing native plugins compatible for Editor in 0.87 ms, found 2 plugins.
Preloading 0 native plugins for Editor in 0.00 ms.
Mono: successfully reloaded assembly
- Completed reload, in  0.936 seconds
Platform modules already initialized, skipping
Refreshing native plugins compatible for Editor in 0.84 ms, found 2 plugins.
Preloading 0 native plugins for Editor in 0.00 ms.
Unloading 2156 Unused Serialized files (Serialized files now loaded: 0)
System memory in use before: 102.6 MB.
System memory in use after: 102.8 MB.

Unloading 58 unused Assets to reduce memory usage. Loaded Objects now: 2696.
Total: 3.060800 ms (FindLiveObjects: 0.246700 ms CreateObjectMapping: 0.058500 ms MarkObjects: 2.726800 ms  DeleteObjects: 0.028000 ms)

========================================================================
Received Prepare
Registering precompiled user dll's ...
Registered in 0.003726 seconds.
Begin MonoManager ReloadAssembly
Native extension for WindowsStandalone target not found
Native extension for WebGL target not found
Refreshing native plugins compatible for Editor in 0.85 ms, found 2 plugins.
Preloading 0 native plugins for Editor in 0.00 ms.
Mono: successfully reloaded assembly
- Completed reload, in  0.947 seconds
Platform modules already initialized, skipping
Refreshing native plugins compatible for Editor in 0.85 ms, found 2 plugins.
Preloading 0 native plugins for Editor in 0.00 ms.
Unloading 2156 Unused Serialized files (Serialized files now loaded: 0)
System memory in use before: 102.6 MB.
System memory in use after: 102.8 MB.

Unloading 58 unused Assets to reduce memory usage. Loaded Objects now: 2699.
Total: 3.154000 ms (FindLiveObjects: 0.221000 ms CreateObjectMapping: 0.055100 ms MarkObjects: 2.853400 ms  DeleteObjects: 0.023700 ms)

========================================================================
Received Prepare
Registering precompiled user dll's ...
Registered in 0.003836 seconds.
Begin MonoManager ReloadAssembly
Native extension for WindowsStandalone target not found
Native extension for WebGL target not found
Refreshing native plugins compatible for Editor in 0.85 ms, found 2 plugins.
Preloading 0 native plugins for Editor in 0.00 ms.
Mono: successfully reloaded assembly
- Completed reload, in  0.943 seconds
Platform modules already initialized, skipping
Refreshing native plugins compatible for Editor in 0.84 ms, found 2 plugins.
Preloading 0 native plugins for Editor in 0.00 ms.
Unloading 2156 Unused Serialized files (Serialized files now loaded: 0)
System memory in use before: 102.6 MB.
System memory in use after: 102.8 MB.

Unloading 58 unused Assets to reduce memory usage. Loaded Objects now: 2702.
Total: 3.126500 ms (FindLiveObjects: 0.239300 ms CreateObjectMapping: 0.064700 ms MarkObjects: 2.797400 ms  DeleteObjects: 0.024100 ms)

========================================================================
Received Prepare
Registering precompiled user dll's ...
Registered in 0.003628 seconds.
Begin MonoManager ReloadAssembly
Native extension for WindowsStandalone target not found
Native extension for WebGL target not found
Refreshing native plugins compatible for Editor in 0.85 ms, found 2 plugins.
Preloading 0 native plugins for Editor in 0.00 ms.
Mono: successfully reloaded assembly
- Completed reload, in  0.936 seconds
Platform modules already initialized, skipping
Refreshing native plugins compatible for Editor in 0.85 ms, found 2 plugins.
Preloading 0 native plugins for Editor in 0.00 ms.
Unloading 2156 Unused Serialized files (Serialized files now loaded: 0)
System memory in use before: 102.6 MB.
System memory in use after: 102.8 MB.

Unloading 58 unused Assets to reduce memory usage. Loaded Objects now: 2705.
Total: 3.194700 ms (FindLiveObjects: 0.232700 ms CreateObjectMapping: 0.058600 ms MarkObjects: 2.874100 ms  DeleteObjects: 0.028400 ms)

========================================================================
Received Prepare
Registering precompiled user dll's ...
Registered in 0.003845 seconds.
Begin MonoManager ReloadAssembly
Native extension for WindowsStandalone target not found
Native extension for WebGL target not found
Refreshing native plugins compatible for Editor in 0.82 ms, found 2 plugins.
Preloading 0 native plugins for Editor in 0.00 ms.
Mono: successfully reloaded assembly
- Completed reload, in  0.928 seconds
Platform modules already initialized, skipping
Refreshing native plugins compatible for Editor in 0.82 ms, found 2 plugins.
Preloading 0 native plugins for Editor in 0.00 ms.
Unloading 2156 Unused Serialized files (Serialized files now loaded: 0)
System memory in use before: 102.6 MB.
System memory in use after: 102.8 MB.

Unloading 58 unused Assets to reduce memory usage. Loaded Objects now: 2708.
Total: 3.024000 ms (FindLiveObjects: 0.238800 ms CreateObjectMapping: 0.059300 ms MarkObjects: 2.698000 ms  DeleteObjects: 0.027000 ms)

========================================================================
Received Prepare
Registering precompiled user dll's ...
Registered in 0.003977 seconds.
Begin MonoManager ReloadAssembly
Native extension for WindowsStandalone target not found
Native extension for WebGL target not found
Refreshing native plugins compatible for Editor in 0.85 ms, found 2 plugins.
Preloading 0 native plugins for Editor in 0.00 ms.
Mono: successfully reloaded assembly
- Completed reload, in  0.986 seconds
Platform modules already initialized, skipping
Refreshing native plugins compatible for Editor in 0.87 ms, found 2 plugins.
Preloading 0 native plugins for Editor in 0.00 ms.
Unloading 2156 Unused Serialized files (Serialized files now loaded: 0)
System memory in use before: 102.7 MB.
System memory in use after: 102.9 MB.

Unloading 58 unused Assets to reduce memory usage. Loaded Objects now: 2711.
Total: 3.409300 ms (FindLiveObjects: 0.266600 ms CreateObjectMapping: 0.056300 ms MarkObjects: 3.048300 ms  DeleteObjects: 0.036800 ms)

========================================================================
Received Prepare
Registering precompiled user dll's ...
Registered in 0.003733 seconds.
Begin MonoManager ReloadAssembly
Native extension for WindowsStandalone target not found
Native extension for WebGL target not found
Refreshing native plugins compatible for Editor in 0.84 ms, found 2 plugins.
Preloading 0 native plugins for Editor in 0.00 ms.
Mono: successfully reloaded assembly
- Completed reload, in  0.935 seconds
Platform modules already initialized, skipping
Refreshing native plugins compatible for Editor in 0.83 ms, found 2 plugins.
Preloading 0 native plugins for Editor in 0.00 ms.
Unloading 2156 Unused Serialized files (Serialized files now loaded: 0)
System memory in use before: 102.7 MB.
System memory in use after: 102.9 MB.

Unloading 58 unused Assets to reduce memory usage. Loaded Objects now: 2714.
Total: 3.260100 ms (FindLiveObjects: 0.243500 ms CreateObjectMapping: 0.058900 ms MarkObjects: 2.921500 ms  DeleteObjects: 0.035300 ms)

========================================================================
Received Import Request.
  Time since last request: 525.746092 seconds.
  path: Assets/Scenes/SceneThirdLevel
  artifactKey: Guid(628c9917e9716074d9e3caf7e44a3bba) Importer(815301076,1909f56bfc062723c751e8b465ee728b)
Start importing Assets/Scenes/SceneThirdLevel using Guid(628c9917e9716074d9e3caf7e44a3bba) Importer(815301076,1909f56bfc062723c751e8b465ee728b)  -> (artifact id: '440183f94b1bd1d4c3d7b26288f335bf') in 0.013894 seconds 
========================================================================
Received Import Request.
  Time since last request: 3.686944 seconds.
  path: Assets/Scenes/SceneSecondLevel/Level2Scene3.unity
  artifactKey: Guid(be3599bd363b02f458dabc9eb0721fda) Importer(815301076,1909f56bfc062723c751e8b465ee728b)
Start importing Assets/Scenes/SceneSecondLevel/Level2Scene3.unity using Guid(be3599bd363b02f458dabc9eb0721fda) Importer(815301076,1909f56bfc062723c751e8b465ee728b)  -> (artifact id: '29c121a58d54a65b5edf64dde5a9d196') in 0.012819 seconds 
========================================================================
Received Prepare
Registering precompiled user dll's ...
Registered in 0.003767 seconds.
Begin MonoManager ReloadAssembly
Native extension for WindowsStandalone target not found
Native extension for WebGL target not found
Refreshing native plugins compatible for Editor in 0.83 ms, found 2 plugins.
Preloading 0 native plugins for Editor in 0.00 ms.
Mono: successfully reloaded assembly
- Completed reload, in  0.950 seconds
Platform modules already initialized, skipping
Refreshing native plugins compatible for Editor in 0.90 ms, found 2 plugins.
Preloading 0 native plugins for Editor in 0.00 ms.
Unloading 2156 Unused Serialized files (Serialized files now loaded: 0)
System memory in use before: 102.7 MB.
System memory in use after: 102.9 MB.

Unloading 58 unused Assets to reduce memory usage. Loaded Objects now: 2717.
Total: 3.093200 ms (FindLiveObjects: 0.229100 ms CreateObjectMapping: 0.055800 ms MarkObjects: 2.783700 ms  DeleteObjects: 0.023800 ms)

========================================================================
Received Import Request.
  Time since last request: 27.860634 seconds.
  path: Assets/Scenes/SceneThirdLevel/Level3Scene2.unity
  artifactKey: Guid(c179912c9385724488e565654ea435ad) Importer(815301076,1909f56bfc062723c751e8b465ee728b)
Start importing Assets/Scenes/SceneThirdLevel/Level3Scene2.unity using Guid(c179912c9385724488e565654ea435ad) Importer(815301076,1909f56bfc062723c751e8b465ee728b)  -> (artifact id: '7b6ea11982708cd2539a5ddd1539d7cc') in 0.021958 seconds 
========================================================================
Received Import Request.
  Time since last request: 9.487241 seconds.
  path: Assets/Scenes/SceneThirdLevel/Level3Scene1.unity
  artifactKey: Guid(87235a1bfadd61246a18600980c5e7ed) Importer(815301076,1909f56bfc062723c751e8b465ee728b)
Start importing Assets/Scenes/SceneThirdLevel/Level3Scene1.unity using Guid(87235a1bfadd61246a18600980c5e7ed) Importer(815301076,1909f56bfc062723c751e8b465ee728b)  -> (artifact id: '84e41fa366aa2767f2f5159195c88ddf') in 0.013271 seconds 
========================================================================
Received Import Request.
  Time since last request: 8.888633 seconds.
  path: Assets/Scenes/SceneThirdLevel/Level3SceneEND.unity
  artifactKey: Guid(957bb6d2a15902b46a3180c00f6358d7) Importer(815301076,1909f56bfc062723c751e8b465ee728b)
Start importing Assets/Scenes/SceneThirdLevel/Level3SceneEND.unity using Guid(957bb6d2a15902b46a3180c00f6358d7) Importer(815301076,1909f56bfc062723c751e8b465ee728b)  -> (artifact id: 'd263d24c87ca5b97c8888d06bebed72f') in 0.013395 seconds 
========================================================================
Received Prepare
Registering precompiled user dll's ...
Registered in 0.004573 seconds.
Begin MonoManager ReloadAssembly
Native extension for WindowsStandalone target not found
Native extension for WebGL target not found
Refreshing native plugins compatible for Editor in 0.85 ms, found 2 plugins.
Preloading 0 native plugins for Editor in 0.00 ms.
Mono: successfully reloaded assembly
- Completed reload, in  0.946 seconds
Platform modules already initialized, skipping
Refreshing native plugins compatible for Editor in 0.84 ms, found 2 plugins.
Preloading 0 native plugins for Editor in 0.00 ms.
Unloading 2156 Unused Serialized files (Serialized files now loaded: 0)
System memory in use before: 102.8 MB.
System memory in use after: 103.0 MB.

Unloading 58 unused Assets to reduce memory usage. Loaded Objects now: 2720.
Total: 3.608100 ms (FindLiveObjects: 0.260600 ms CreateObjectMapping: 0.062000 ms MarkObjects: 3.244100 ms  DeleteObjects: 0.040200 ms)

========================================================================
Received Import Request.
  Time since last request: 2213.140892 seconds.
  path: Assets/Prefabs/LevelElements/DashMovingPlatform.prefab
  artifactKey: Guid(f668107ab996f1749bf7af1f83b6df62) Importer(815301076,1909f56bfc062723c751e8b465ee728b)
Start importing Assets/Prefabs/LevelElements/DashMovingPlatform.prefab using Guid(f668107ab996f1749bf7af1f83b6df62) Importer(815301076,1909f56bfc062723c751e8b465ee728b)  -> (artifact id: 'b43591faed480a1d908e447813fc6406') in 0.056418 seconds 
========================================================================
Received Import Request.
  Time since last request: 0.000159 seconds.
  path: Assets/Prefabs/LevelElements/JumpMovingPlatform.prefab
  artifactKey: Guid(86f51e4c6610bcd4dbe803aa4ba07f0a) Importer(815301076,1909f56bfc062723c751e8b465ee728b)
Start importing Assets/Prefabs/LevelElements/JumpMovingPlatform.prefab using Guid(86f51e4c6610bcd4dbe803aa4ba07f0a) Importer(815301076,1909f56bfc062723c751e8b465ee728b)  -> (artifact id: 'fb8e1a6fd5309181ea7d35cdd28c74f8') in 0.009445 seconds 
========================================================================
Received Prepare
Registering precompiled user dll's ...
Registered in 0.003922 seconds.
Begin MonoManager ReloadAssembly
Native extension for WindowsStandalone target not found
Native extension for WebGL target not found
Refreshing native plugins compatible for Editor in 0.84 ms, found 2 plugins.
Preloading 0 native plugins for Editor in 0.00 ms.
Mono: successfully reloaded assembly
- Completed reload, in  0.947 seconds
Platform modules already initialized, skipping
Refreshing native plugins compatible for Editor in 0.86 ms, found 2 plugins.
Preloading 0 native plugins for Editor in 0.00 ms.
Unloading 2156 Unused Serialized files (Serialized files now loaded: 0)
System memory in use before: 102.8 MB.
System memory in use after: 103.0 MB.

Unloading 60 unused Assets to reduce memory usage. Loaded Objects now: 2724.
Total: 3.215100 ms (FindLiveObjects: 0.240300 ms CreateObjectMapping: 0.056400 ms MarkObjects: 2.837700 ms  DeleteObjects: 0.079900 ms)

========================================================================
Received Prepare
Registering precompiled user dll's ...
Registered in 0.003748 seconds.
Begin MonoManager ReloadAssembly
Native extension for WindowsStandalone target not found
Native extension for WebGL target not found
Refreshing native plugins compatible for Editor in 0.87 ms, found 2 plugins.
Preloading 0 native plugins for Editor in 0.00 ms.
Mono: successfully reloaded assembly
- Completed reload, in  0.946 seconds
Platform modules already initialized, skipping
Refreshing native plugins compatible for Editor in 0.84 ms, found 2 plugins.
Preloading 0 native plugins for Editor in 0.00 ms.
Unloading 2156 Unused Serialized files (Serialized files now loaded: 0)
System memory in use before: 102.8 MB.
System memory in use after: 103.0 MB.

Unloading 58 unused Assets to reduce memory usage. Loaded Objects now: 2727.
Total: 3.334500 ms (FindLiveObjects: 0.267700 ms CreateObjectMapping: 0.063000 ms MarkObjects: 2.966300 ms  DeleteObjects: 0.036700 ms)

========================================================================
Received Prepare
Registering precompiled user dll's ...
Registered in 0.003644 seconds.
Begin MonoManager ReloadAssembly
Native extension for WindowsStandalone target not found
Native extension for WebGL target not found
Refreshing native plugins compatible for Editor in 0.85 ms, found 2 plugins.
Preloading 0 native plugins for Editor in 0.00 ms.
Mono: successfully reloaded assembly
- Completed reload, in  0.940 seconds
Platform modules already initialized, skipping
Refreshing native plugins compatible for Editor in 0.88 ms, found 2 plugins.
Preloading 0 native plugins for Editor in 0.00 ms.
Unloading 2156 Unused Serialized files (Serialized files now loaded: 0)
System memory in use before: 102.9 MB.
System memory in use after: 103.1 MB.

Unloading 58 unused Assets to reduce memory usage. Loaded Objects now: 2730.
Total: 3.031700 ms (FindLiveObjects: 0.236000 ms CreateObjectMapping: 0.056900 ms MarkObjects: 2.714900 ms  DeleteObjects: 0.023100 ms)

========================================================================
Received Prepare
Registering precompiled user dll's ...
Registered in 0.003648 seconds.
Begin MonoManager ReloadAssembly
Native extension for WindowsStandalone target not found
Native extension for WebGL target not found
Refreshing native plugins compatible for Editor in 0.85 ms, found 2 plugins.
Preloading 0 native plugins for Editor in 0.00 ms.
Mono: successfully reloaded assembly
- Completed reload, in  0.935 seconds
Platform modules already initialized, skipping
Refreshing native plugins compatible for Editor in 0.96 ms, found 2 plugins.
Preloading 0 native plugins for Editor in 0.00 ms.
Unloading 2156 Unused Serialized files (Serialized files now loaded: 0)
System memory in use before: 102.9 MB.
System memory in use after: 103.1 MB.

Unloading 58 unused Assets to reduce memory usage. Loaded Objects now: 2733.
Total: 3.081400 ms (FindLiveObjects: 0.228400 ms CreateObjectMapping: 0.055500 ms MarkObjects: 2.773400 ms  DeleteObjects: 0.023100 ms)

========================================================================
Received Prepare
Registering precompiled user dll's ...
Registered in 0.003698 seconds.
Begin MonoManager ReloadAssembly
Native extension for WindowsStandalone target not found
Native extension for WebGL target not found
Refreshing native plugins compatible for Editor in 0.85 ms, found 2 plugins.
Preloading 0 native plugins for Editor in 0.00 ms.
Mono: successfully reloaded assembly
- Completed reload, in  0.981 seconds
Platform modules already initialized, skipping
Refreshing native plugins compatible for Editor in 0.85 ms, found 2 plugins.
Preloading 0 native plugins for Editor in 0.00 ms.
Unloading 2156 Unused Serialized files (Serialized files now loaded: 0)
System memory in use before: 102.9 MB.
System memory in use after: 103.1 MB.

Unloading 58 unused Assets to reduce memory usage. Loaded Objects now: 2736.
Total: 3.502500 ms (FindLiveObjects: 0.252200 ms CreateObjectMapping: 0.067700 ms MarkObjects: 3.155200 ms  DeleteObjects: 0.026400 ms)

========================================================================
Received Prepare
Registering precompiled user dll's ...
Registered in 0.003929 seconds.
Begin MonoManager ReloadAssembly
Native extension for WindowsStandalone target not found
Native extension for WebGL target not found
Refreshing native plugins compatible for Editor in 0.83 ms, found 2 plugins.
Preloading 0 native plugins for Editor in 0.00 ms.
Mono: successfully reloaded assembly
- Completed reload, in  0.946 seconds
Platform modules already initialized, skipping
Refreshing native plugins compatible for Editor in 0.86 ms, found 2 plugins.
Preloading 0 native plugins for Editor in 0.00 ms.
Unloading 2156 Unused Serialized files (Serialized files now loaded: 0)
System memory in use before: 102.9 MB.
System memory in use after: 103.1 MB.

Unloading 58 unused Assets to reduce memory usage. Loaded Objects now: 2739.
Total: 3.046200 ms (FindLiveObjects: 0.267600 ms CreateObjectMapping: 0.056400 ms MarkObjects: 2.697700 ms  DeleteObjects: 0.023900 ms)

========================================================================
Received Prepare
Registering precompiled user dll's ...
Registered in 0.003834 seconds.
Begin MonoManager ReloadAssembly
Native extension for WindowsStandalone target not found
Native extension for WebGL target not found
Refreshing native plugins compatible for Editor in 0.87 ms, found 2 plugins.
Preloading 0 native plugins for Editor in 0.00 ms.
Mono: successfully reloaded assembly
- Completed reload, in  0.949 seconds
Platform modules already initialized, skipping
Refreshing native plugins compatible for Editor in 0.85 ms, found 2 plugins.
Preloading 0 native plugins for Editor in 0.00 ms.
Unloading 2156 Unused Serialized files (Serialized files now loaded: 0)
System memory in use before: 102.9 MB.
System memory in use after: 103.1 MB.

Unloading 58 unused Assets to reduce memory usage. Loaded Objects now: 2742.
Total: 3.623700 ms (FindLiveObjects: 0.259600 ms CreateObjectMapping: 0.058900 ms MarkObjects: 3.258900 ms  DeleteObjects: 0.045100 ms)

========================================================================
Received Prepare
Registering precompiled user dll's ...
Registered in 0.003601 seconds.
Begin MonoManager ReloadAssembly
Native extension for WindowsStandalone target not found
Native extension for WebGL target not found
Refreshing native plugins compatible for Editor in 0.87 ms, found 2 plugins.
Preloading 0 native plugins for Editor in 0.00 ms.
Mono: successfully reloaded assembly
- Completed reload, in  0.940 seconds
Platform modules already initialized, skipping
Refreshing native plugins compatible for Editor in 0.85 ms, found 2 plugins.
Preloading 0 native plugins for Editor in 0.00 ms.
Unloading 2156 Unused Serialized files (Serialized files now loaded: 0)
System memory in use before: 102.9 MB.
System memory in use after: 103.1 MB.

Unloading 58 unused Assets to reduce memory usage. Loaded Objects now: 2745.
Total: 3.295700 ms (FindLiveObjects: 0.254000 ms CreateObjectMapping: 0.058700 ms MarkObjects: 2.944800 ms  DeleteObjects: 0.037300 ms)

========================================================================
Received Prepare
Registering precompiled user dll's ...
Registered in 0.003914 seconds.
Begin MonoManager ReloadAssembly
Native extension for WindowsStandalone target not found
Native extension for WebGL target not found
Refreshing native plugins compatible for Editor in 0.83 ms, found 2 plugins.
Preloading 0 native plugins for Editor in 0.00 ms.
Mono: successfully reloaded assembly
- Completed reload, in  0.963 seconds
Platform modules already initialized, skipping
Refreshing native plugins compatible for Editor in 0.87 ms, found 2 plugins.
Preloading 0 native plugins for Editor in 0.00 ms.
Unloading 2156 Unused Serialized files (Serialized files now loaded: 0)
System memory in use before: 102.9 MB.
System memory in use after: 103.1 MB.

Unloading 58 unused Assets to reduce memory usage. Loaded Objects now: 2748.
Total: 3.286600 ms (FindLiveObjects: 0.250200 ms CreateObjectMapping: 0.055800 ms MarkObjects: 2.939100 ms  DeleteObjects: 0.040700 ms)

========================================================================
Received Import Request.
  Time since last request: 1039.799251 seconds.
  path: Assets/Scenes/SceneThirdLevel/Level3Scene1.unity
  artifactKey: Guid(87235a1bfadd61246a18600980c5e7ed) Importer(815301076,1909f56bfc062723c751e8b465ee728b)
Start importing Assets/Scenes/SceneThirdLevel/Level3Scene1.unity using Guid(87235a1bfadd61246a18600980c5e7ed) Importer(815301076,1909f56bfc062723c751e8b465ee728b)  -> (artifact id: '44bb39ba3371804dc98571bb3d671d4c') in 0.027909 seconds 
========================================================================
Received Prepare
Registering precompiled user dll's ...
Registered in 0.003949 seconds.
Begin MonoManager ReloadAssembly
Native extension for WindowsStandalone target not found
Native extension for WebGL target not found
Refreshing native plugins compatible for Editor in 0.85 ms, found 2 plugins.
Preloading 0 native plugins for Editor in 0.00 ms.
Mono: successfully reloaded assembly
- Completed reload, in  0.955 seconds
Platform modules already initialized, skipping
Refreshing native plugins compatible for Editor in 0.86 ms, found 2 plugins.
Preloading 0 native plugins for Editor in 0.00 ms.
Unloading 2156 Unused Serialized files (Serialized files now loaded: 0)
System memory in use before: 103.1 MB.
System memory in use after: 103.3 MB.

Unloading 58 unused Assets to reduce memory usage. Loaded Objects now: 2751.
Total: 3.471100 ms (FindLiveObjects: 0.251000 ms CreateObjectMapping: 0.060500 ms MarkObjects: 3.121800 ms  DeleteObjects: 0.036700 ms)

========================================================================
Received Import Request.
  Time since last request: 661.506447 seconds.
  path: Assets/Scenes/SceneThirdLevel/Level3Scene2.unity
  artifactKey: Guid(c179912c9385724488e565654ea435ad) Importer(815301076,1909f56bfc062723c751e8b465ee728b)
Start importing Assets/Scenes/SceneThirdLevel/Level3Scene2.unity using Guid(c179912c9385724488e565654ea435ad) Importer(815301076,1909f56bfc062723c751e8b465ee728b)  -> (artifact id: '9257101b8457686a23df2fd34e520fa8') in 0.023777 seconds 
========================================================================
Received Import Request.
  Time since last request: 160.195742 seconds.
  path: Assets/Scenes/SceneThirdLevel/Level3Scene1.unity
  artifactKey: Guid(87235a1bfadd61246a18600980c5e7ed) Importer(815301076,1909f56bfc062723c751e8b465ee728b)
Start importing Assets/Scenes/SceneThirdLevel/Level3Scene1.unity using Guid(87235a1bfadd61246a18600980c5e7ed) Importer(815301076,1909f56bfc062723c751e8b465ee728b)  -> (artifact id: '88e8adf66c3bd9b85a913030ed4ba1e2') in 0.002850 seconds 
========================================================================
Received Import Request.
  Time since last request: 4.130627 seconds.
  path: Assets/Scenes/SceneThirdLevel/Level3Scene2.unity
  artifactKey: Guid(c179912c9385724488e565654ea435ad) Importer(815301076,1909f56bfc062723c751e8b465ee728b)
Start importing Assets/Scenes/SceneThirdLevel/Level3Scene2.unity using Guid(c179912c9385724488e565654ea435ad) Importer(815301076,1909f56bfc062723c751e8b465ee728b)  -> (artifact id: '7599c7c0a6da4749f8ace4c050ce7300') in 0.003198 seconds 
========================================================================
Received Prepare
Registering precompiled user dll's ...
Registered in 0.003744 seconds.
Begin MonoManager ReloadAssembly
Native extension for WindowsStandalone target not found
Native extension for WebGL target not found
Refreshing native plugins compatible for Editor in 0.84 ms, found 2 plugins.
Preloading 0 native plugins for Editor in 0.00 ms.
Mono: successfully reloaded assembly
- Completed reload, in  0.954 seconds
Platform modules already initialized, skipping
Refreshing native plugins compatible for Editor in 0.85 ms, found 2 plugins.
Preloading 0 native plugins for Editor in 0.00 ms.
Unloading 2156 Unused Serialized files (Serialized files now loaded: 0)
System memory in use before: 103.1 MB.
System memory in use after: 103.3 MB.

Unloading 58 unused Assets to reduce memory usage. Loaded Objects now: 2754.
Total: 3.137800 ms (FindLiveObjects: 0.243800 ms CreateObjectMapping: 0.056800 ms MarkObjects: 2.811200 ms  DeleteObjects: 0.025200 ms)

========================================================================
Received Prepare
Registering precompiled user dll's ...
Registered in 0.004002 seconds.
Begin MonoManager ReloadAssembly
Native extension for WindowsStandalone target not found
Native extension for WebGL target not found
Refreshing native plugins compatible for Editor in 0.84 ms, found 2 plugins.
Preloading 0 native plugins for Editor in 0.00 ms.
Mono: successfully reloaded assembly
- Completed reload, in  0.958 seconds
Platform modules already initialized, skipping
Refreshing native plugins compatible for Editor in 0.86 ms, found 2 plugins.
Preloading 0 native plugins for Editor in 0.00 ms.
Unloading 2156 Unused Serialized files (Serialized files now loaded: 0)
System memory in use before: 103.2 MB.
System memory in use after: 103.4 MB.

Unloading 58 unused Assets to reduce memory usage. Loaded Objects now: 2757.
Total: 3.144200 ms (FindLiveObjects: 0.247300 ms CreateObjectMapping: 0.054900 ms MarkObjects: 2.817500 ms  DeleteObjects: 0.023900 ms)

========================================================================
Received Prepare
Registering precompiled user dll's ...
Registered in 0.003700 seconds.
Begin MonoManager ReloadAssembly
Native extension for WindowsStandalone target not found
Native extension for WebGL target not found
Refreshing native plugins compatible for Editor in 0.88 ms, found 2 plugins.
Preloading 0 native plugins for Editor in 0.00 ms.
Mono: successfully reloaded assembly
- Completed reload, in  0.976 seconds
Platform modules already initialized, skipping
Refreshing native plugins compatible for Editor in 0.86 ms, found 2 plugins.
Preloading 0 native plugins for Editor in 0.00 ms.
Unloading 2156 Unused Serialized files (Serialized files now loaded: 0)
System memory in use before: 103.2 MB.
System memory in use after: 103.4 MB.

Unloading 58 unused Assets to reduce memory usage. Loaded Objects now: 2760.
Total: 3.140300 ms (FindLiveObjects: 0.260700 ms CreateObjectMapping: 0.059600 ms MarkObjects: 2.789100 ms  DeleteObjects: 0.030000 ms)

========================================================================
Received Prepare
Registering precompiled user dll's ...
Registered in 0.004514 seconds.
Begin MonoManager ReloadAssembly
Native extension for WindowsStandalone target not found
Native extension for WebGL target not found
Refreshing native plugins compatible for Editor in 0.86 ms, found 2 plugins.
Preloading 0 native plugins for Editor in 0.00 ms.
Mono: successfully reloaded assembly
- Completed reload, in  0.968 seconds
Platform modules already initialized, skipping
Refreshing native plugins compatible for Editor in 0.86 ms, found 2 plugins.
Preloading 0 native plugins for Editor in 0.00 ms.
Unloading 2156 Unused Serialized files (Serialized files now loaded: 0)
System memory in use before: 103.3 MB.
System memory in use after: 103.5 MB.

Unloading 58 unused Assets to reduce memory usage. Loaded Objects now: 2763.
Total: 3.463800 ms (FindLiveObjects: 0.280300 ms CreateObjectMapping: 0.064200 ms MarkObjects: 3.080300 ms  DeleteObjects: 0.037200 ms)

========================================================================
Received Import Request.
  Time since last request: 1798.401960 seconds.
  path: Assets/Scenes/SceneThirdLevel/Level3Scene2.unity
  artifactKey: Guid(c179912c9385724488e565654ea435ad) Importer(815301076,1909f56bfc062723c751e8b465ee728b)
Start importing Assets/Scenes/SceneThirdLevel/Level3Scene2.unity using Guid(c179912c9385724488e565654ea435ad) Importer(815301076,1909f56bfc062723c751e8b465ee728b)  -> (artifact id: '8d7846dad7d4b1851daeef0029589e76') in 0.020367 seconds 
========================================================================
Received Prepare
Registering precompiled user dll's ...
Registered in 0.003739 seconds.
Begin MonoManager ReloadAssembly
Native extension for WindowsStandalone target not found
Native extension for WebGL target not found
Refreshing native plugins compatible for Editor in 0.86 ms, found 2 plugins.
Preloading 0 native plugins for Editor in 0.00 ms.
Mono: successfully reloaded assembly
- Completed reload, in  0.947 seconds
Platform modules already initialized, skipping
Refreshing native plugins compatible for Editor in 0.95 ms, found 2 plugins.
Preloading 0 native plugins for Editor in 0.00 ms.
Unloading 2156 Unused Serialized files (Serialized files now loaded: 0)
System memory in use before: 103.3 MB.
System memory in use after: 103.5 MB.

Unloading 58 unused Assets to reduce memory usage. Loaded Objects now: 2766.
Total: 3.096800 ms (FindLiveObjects: 0.251100 ms CreateObjectMapping: 0.059300 ms MarkObjects: 2.754000 ms  DeleteObjects: 0.031300 ms)

========================================================================
Received Prepare
Registering precompiled user dll's ...
Registered in 0.003834 seconds.
Begin MonoManager ReloadAssembly
Native extension for WindowsStandalone target not found
Native extension for WebGL target not found
Refreshing native plugins compatible for Editor in 0.83 ms, found 2 plugins.
Preloading 0 native plugins for Editor in 0.00 ms.
Mono: successfully reloaded assembly
- Completed reload, in  0.942 seconds
Platform modules already initialized, skipping
Refreshing native plugins compatible for Editor in 0.84 ms, found 2 plugins.
Preloading 0 native plugins for Editor in 0.00 ms.
Unloading 2156 Unused Serialized files (Serialized files now loaded: 0)
System memory in use before: 103.3 MB.
System memory in use after: 103.5 MB.

Unloading 58 unused Assets to reduce memory usage. Loaded Objects now: 2769.
Total: 3.161900 ms (FindLiveObjects: 0.250400 ms CreateObjectMapping: 0.070400 ms MarkObjects: 2.809400 ms  DeleteObjects: 0.030600 ms)

========================================================================
Received Import Request.
  Time since last request: 141.153355 seconds.
  path: Assets/Scenes/SceneThirdLevel/Level3Scene2.unity
  artifactKey: Guid(c179912c9385724488e565654ea435ad) Importer(815301076,1909f56bfc062723c751e8b465ee728b)
Start importing Assets/Scenes/SceneThirdLevel/Level3Scene2.unity using Guid(c179912c9385724488e565654ea435ad) Importer(815301076,1909f56bfc062723c751e8b465ee728b)  -> (artifact id: '0fe0288fb7ac65d9c268439b94b06ba7') in 0.012426 seconds 
========================================================================
Received Prepare
Registering precompiled user dll's ...
Registered in 0.003886 seconds.
Begin MonoManager ReloadAssembly
Native extension for WindowsStandalone target not found
Native extension for WebGL target not found
Refreshing native plugins compatible for Editor in 0.89 ms, found 2 plugins.
Preloading 0 native plugins for Editor in 0.00 ms.
Mono: successfully reloaded assembly
- Completed reload, in  0.981 seconds
Platform modules already initialized, skipping
Refreshing native plugins compatible for Editor in 0.87 ms, found 2 plugins.
Preloading 0 native plugins for Editor in 0.00 ms.
Unloading 2156 Unused Serialized files (Serialized files now loaded: 0)
System memory in use before: 103.3 MB.
System memory in use after: 103.5 MB.

Unloading 58 unused Assets to reduce memory usage. Loaded Objects now: 2772.
Total: 3.131300 ms (FindLiveObjects: 0.242200 ms CreateObjectMapping: 0.060300 ms MarkObjects: 2.801200 ms  DeleteObjects: 0.026800 ms)

========================================================================
Received Import Request.
  Time since last request: 191.332127 seconds.
  path: Assets/Scenes/SceneThirdLevel/Level3Scene2.unity
  artifactKey: Guid(c179912c9385724488e565654ea435ad) Importer(815301076,1909f56bfc062723c751e8b465ee728b)
Start importing Assets/Scenes/SceneThirdLevel/Level3Scene2.unity using Guid(c179912c9385724488e565654ea435ad) Importer(815301076,1909f56bfc062723c751e8b465ee728b)  -> (artifact id: 'a432c4b67342a5a7e55f8a8257a622b5') in 0.011740 seconds 
========================================================================
Received Prepare
Registering precompiled user dll's ...
Registered in 0.003837 seconds.
Begin MonoManager ReloadAssembly
Native extension for WindowsStandalone target not found
Native extension for WebGL target not found
Refreshing native plugins compatible for Editor in 0.85 ms, found 2 plugins.
Preloading 0 native plugins for Editor in 0.00 ms.
Mono: successfully reloaded assembly
- Completed reload, in  0.951 seconds
Platform modules already initialized, skipping
Refreshing native plugins compatible for Editor in 0.93 ms, found 2 plugins.
Preloading 0 native plugins for Editor in 0.00 ms.
Unloading 2156 Unused Serialized files (Serialized files now loaded: 0)
System memory in use before: 103.3 MB.
System memory in use after: 103.5 MB.

Unloading 58 unused Assets to reduce memory usage. Loaded Objects now: 2775.
Total: 3.697800 ms (FindLiveObjects: 0.249000 ms CreateObjectMapping: 0.057400 ms MarkObjects: 3.351600 ms  DeleteObjects: 0.038500 ms)

========================================================================
Received Prepare
Registering precompiled user dll's ...
Registered in 0.003730 seconds.
Begin MonoManager ReloadAssembly
Native extension for WindowsStandalone target not found
Native extension for WebGL target not found
Refreshing native plugins compatible for Editor in 0.86 ms, found 2 plugins.
Preloading 0 native plugins for Editor in 0.00 ms.
Mono: successfully reloaded assembly
- Completed reload, in  0.993 seconds
Platform modules already initialized, skipping
Refreshing native plugins compatible for Editor in 0.85 ms, found 2 plugins.
Preloading 0 native plugins for Editor in 0.00 ms.
Unloading 2156 Unused Serialized files (Serialized files now loaded: 0)
System memory in use before: 103.3 MB.
System memory in use after: 103.5 MB.

Unloading 58 unused Assets to reduce memory usage. Loaded Objects now: 2778.
Total: 3.422800 ms (FindLiveObjects: 0.248200 ms CreateObjectMapping: 0.056500 ms MarkObjects: 3.079600 ms  DeleteObjects: 0.037700 ms)

========================================================================
Received Import Request.
  Time since last request: 312.234928 seconds.
  path: Assets/Scenes/SceneThirdLevel/Level3Scene2.unity
  artifactKey: Guid(c179912c9385724488e565654ea435ad) Importer(815301076,1909f56bfc062723c751e8b465ee728b)
Start importing Assets/Scenes/SceneThirdLevel/Level3Scene2.unity using Guid(c179912c9385724488e565654ea435ad) Importer(815301076,1909f56bfc062723c751e8b465ee728b)  -> (artifact id: '0e007b21108294a42056fed2d09c192f') in 0.012348 seconds 
========================================================================
Received Prepare
Registering precompiled user dll's ...
Registered in 0.005655 seconds.
Begin MonoManager ReloadAssembly
Native extension for WindowsStandalone target not found
Native extension for WebGL target not found
Refreshing native plugins compatible for Editor in 0.85 ms, found 2 plugins.
Preloading 0 native plugins for Editor in 0.00 ms.
Mono: successfully reloaded assembly
- Completed reload, in  0.947 seconds
Platform modules already initialized, skipping
Refreshing native plugins compatible for Editor in 0.89 ms, found 2 plugins.
Preloading 0 native plugins for Editor in 0.00 ms.
Unloading 2156 Unused Serialized files (Serialized files now loaded: 0)
System memory in use before: 103.4 MB.
System memory in use after: 103.6 MB.

Unloading 58 unused Assets to reduce memory usage. Loaded Objects now: 2781.
Total: 3.260900 ms (FindLiveObjects: 0.242800 ms CreateObjectMapping: 0.060600 ms MarkObjects: 2.931000 ms  DeleteObjects: 0.025600 ms)

========================================================================
Received Import Request.
  Time since last request: 137.205027 seconds.
  path: Assets/Scenes/SceneThirdLevel/Level3Scene3.unity
  artifactKey: Guid(b589b3178be7c544e9fa3bb7106f6ad8) Importer(815301076,1909f56bfc062723c751e8b465ee728b)
Start importing Assets/Scenes/SceneThirdLevel/Level3Scene3.unity using Guid(b589b3178be7c544e9fa3bb7106f6ad8) Importer(815301076,1909f56bfc062723c751e8b465ee728b)  -> (artifact id: '7abc89bc3a22eee0e417f7a133c4c3a3') in 0.021785 seconds 
========================================================================
Received Import Request.
  Time since last request: 1.760420 seconds.
  path: Assets/Scenes/SceneThirdLevel/Level3Scene2.unity
  artifactKey: Guid(c179912c9385724488e565654ea435ad) Importer(815301076,1909f56bfc062723c751e8b465ee728b)
Start importing Assets/Scenes/SceneThirdLevel/Level3Scene2.unity using Guid(c179912c9385724488e565654ea435ad) Importer(815301076,1909f56bfc062723c751e8b465ee728b)  -> (artifact id: '58fbc3b9c677ff231e6cfd8df6b66c76') in 0.002629 seconds 
========================================================================
Received Import Request.
  Time since last request: 160.008419 seconds.
  path: Assets/Scenes/SceneThirdLevel/Level3Scene2.unity
  artifactKey: Guid(c179912c9385724488e565654ea435ad) Importer(815301076,1909f56bfc062723c751e8b465ee728b)
Start importing Assets/Scenes/SceneThirdLevel/Level3Scene2.unity using Guid(c179912c9385724488e565654ea435ad) Importer(815301076,1909f56bfc062723c751e8b465ee728b)  -> (artifact id: 'eb8366a0a9e874913c385c9097108214') in 0.003089 seconds 
========================================================================
Received Prepare
Registering precompiled user dll's ...
Registered in 0.003942 seconds.
Begin MonoManager ReloadAssembly
Native extension for WindowsStandalone target not found
Native extension for WebGL target not found
Refreshing native plugins compatible for Editor in 0.88 ms, found 2 plugins.
Preloading 0 native plugins for Editor in 0.00 ms.
Mono: successfully reloaded assembly
- Completed reload, in  0.961 seconds
Platform modules already initialized, skipping
Refreshing native plugins compatible for Editor in 0.86 ms, found 2 plugins.
Preloading 0 native plugins for Editor in 0.00 ms.
Unloading 2156 Unused Serialized files (Serialized files now loaded: 0)
System memory in use before: 103.4 MB.
System memory in use after: 103.6 MB.

Unloading 58 unused Assets to reduce memory usage. Loaded Objects now: 2784.
Total: 3.456700 ms (FindLiveObjects: 0.344900 ms CreateObjectMapping: 0.074100 ms MarkObjects: 3.010700 ms  DeleteObjects: 0.026000 ms)

========================================================================
Received Prepare
Registering precompiled user dll's ...
Registered in 0.004153 seconds.
Begin MonoManager ReloadAssembly
Native extension for WindowsStandalone target not found
Native extension for WebGL target not found
Refreshing native plugins compatible for Editor in 0.91 ms, found 2 plugins.
Preloading 0 native plugins for Editor in 0.00 ms.
Mono: successfully reloaded assembly
- Completed reload, in  1.016 seconds
Platform modules already initialized, skipping
Refreshing native plugins compatible for Editor in 0.86 ms, found 2 plugins.
Preloading 0 native plugins for Editor in 0.00 ms.
Unloading 2156 Unused Serialized files (Serialized files now loaded: 0)
System memory in use before: 103.4 MB.
System memory in use after: 103.6 MB.

Unloading 58 unused Assets to reduce memory usage. Loaded Objects now: 2787.
Total: 3.379000 ms (FindLiveObjects: 0.289700 ms CreateObjectMapping: 0.064100 ms MarkObjects: 2.999200 ms  DeleteObjects: 0.025200 ms)

========================================================================
Received Prepare
Refreshing native plugins compatible for Editor in 13.08 ms, found 2 plugins.
Preloading 0 native plugins for Editor in 0.00 ms.
Unloading 56 Unused Serialized files (Serialized files now loaded: 0)
System memory in use before: 61.7 MB.
System memory in use after: 61.9 MB.

Unloading 55 unused Assets to reduce memory usage. Loaded Objects now: 2787.
Total: 3.413600 ms (FindLiveObjects: 0.255900 ms CreateObjectMapping: 0.063100 ms MarkObjects: 3.063600 ms  DeleteObjects: 0.030200 ms)

AssetImportWorkerClient::OnTransportError - code=2 error=End of file
